<?xml version="1.0" encoding="UTF-8"?>
<robot generator="Robot 4.1.1 (Python 3.7.5 on win32)" generated="20230413 20:26:22.764" rpa="false" schemaversion="2">
<suite id="s1" name="nopCommerce" source="D:\CS Program etc\GitHub\Third Project\RobotProject\nopCommerce">
<suite id="s1-s1" name="Tests" source="D:\CS Program etc\GitHub\Third Project\RobotProject\nopCommerce\Tests">
<suite id="s1-s1-s1" name="Account" source="D:\CS Program etc\GitHub\Third Project\RobotProject\nopCommerce\Tests\Account.robot">
<test id="s1-s1-s1-t1" name="TC_ACCOUNT _006 Check if Downloadable product link leads to My account - Downloadable products">
<kw name="Open app" library="Common" type="SETUP">
<kw name="Open Browser" library="SeleniumLibrary">
<arg>${Homepage_URL}</arg>
<arg>${browser}</arg>
<doc>Opens a new browser instance to the optional ``url``.</doc>
<msg timestamp="20230413 20:26:23.070" level="INFO">Opening browser 'chrome' to base url 'https://demo.nopcommerce.com/'.</msg>
<status status="PASS" starttime="20230413 20:26:23.069" endtime="20230413 20:26:25.944"/>
</kw>
<kw name="Maximize Browser Window" library="SeleniumLibrary">
<doc>Maximizes current browser window.</doc>
<status status="PASS" starttime="20230413 20:26:25.945" endtime="20230413 20:26:26.104"/>
</kw>
<status status="PASS" starttime="20230413 20:26:23.068" endtime="20230413 20:26:26.105"/>
</kw>
<kw name="Navigate to Login page" library="Login">
<kw name="Click Link" library="SeleniumLibrary">
<arg>${LoginLink}</arg>
<doc>Clicks a link identified by ``locator``.</doc>
<msg timestamp="20230413 20:26:26.107" level="INFO">Clicking link '//a[@class='ico-login']'.</msg>
<status status="PASS" starttime="20230413 20:26:26.106" endtime="20230413 20:26:27.187"/>
</kw>
<kw name="Element Text Should Be" library="SeleniumLibrary">
<arg>${LoginLabel_LoginPage}</arg>
<arg>${LoginLabel_Text}</arg>
<doc>Verifies that element ``locator`` contains exact the text ``expected``.</doc>
<msg timestamp="20230413 20:26:27.190" level="INFO">Verifying element '//div[@class="page-title"]' contains exact text 'Welcome, Please Sign In!'.</msg>
<status status="PASS" starttime="20230413 20:26:27.188" endtime="20230413 20:26:27.238"/>
</kw>
<status status="PASS" starttime="20230413 20:26:26.105" endtime="20230413 20:26:27.239"/>
</kw>
<kw name="Login user" library="Login">
<arg>${login_valid_credentials}[email]</arg>
<arg>${login_valid_credentials}[pass]</arg>
<kw name="Input Text" library="SeleniumLibrary">
<arg>${EmailInputFieldLogin}</arg>
<arg>${arg1}</arg>
<doc>Types the given ``text`` into the text field identified by ``locator``.</doc>
<msg timestamp="20230413 20:26:27.242" level="INFO">Typing text 'janedoe@email.com' into text field 'id:Email'.</msg>
<status status="PASS" starttime="20230413 20:26:27.241" endtime="20230413 20:26:27.407"/>
</kw>
<kw name="Input Text" library="SeleniumLibrary">
<arg>${PasswordInputFieldLogin}</arg>
<arg>${arg2}</arg>
<doc>Types the given ``text`` into the text field identified by ``locator``.</doc>
<msg timestamp="20230413 20:26:27.408" level="INFO">Typing text '123456' into text field 'id:Password'.</msg>
<status status="PASS" starttime="20230413 20:26:27.407" endtime="20230413 20:26:27.521"/>
</kw>
<kw name="Click Button" library="SeleniumLibrary">
<arg>${LoginButton}</arg>
<doc>Clicks the button identified by ``locator``.</doc>
<msg timestamp="20230413 20:26:27.523" level="INFO">Clicking button '//button[@class="button-1 login-button"]'.</msg>
<status status="PASS" starttime="20230413 20:26:27.522" endtime="20230413 20:26:28.591"/>
</kw>
<status status="PASS" starttime="20230413 20:26:27.240" endtime="20230413 20:26:28.592"/>
</kw>
<kw name="Validate successful login" library="Login">
<kw name="Element Text Should Be" library="SeleniumLibrary">
<arg>${SuccessfulLogin_MyAccount}</arg>
<arg>${SuccessfulLogin_BtnText}</arg>
<doc>Verifies that element ``locator`` contains exact the text ``expected``.</doc>
<msg timestamp="20230413 20:26:28.595" level="INFO">Verifying element '//a[@class='ico-account']' contains exact text 'My account'.</msg>
<kw name="Capture Page Screenshot" library="SeleniumLibrary">
<doc>Takes a screenshot of the current page and embeds it into a log file.</doc>
<msg timestamp="20230413 20:26:28.775" level="INFO" html="true">&lt;/td&gt;&lt;/tr&gt;&lt;tr&gt;&lt;td colspan="3"&gt;&lt;a href="selenium-screenshot-13.png"&gt;&lt;img src="selenium-screenshot-13.png" width="800px"&gt;&lt;/a&gt;</msg>
<status status="PASS" starttime="20230413 20:26:28.611" endtime="20230413 20:26:28.775"/>
</kw>
<msg timestamp="20230413 20:26:28.779" level="FAIL">Element with locator '//a[@class='ico-account']' not found.</msg>
<status status="FAIL" starttime="20230413 20:26:28.594" endtime="20230413 20:26:28.779"/>
</kw>
<status status="FAIL" starttime="20230413 20:26:28.593" endtime="20230413 20:26:28.780"/>
</kw>
<kw name="Navigate to My Account" library="Account">
<status status="NOT RUN" starttime="20230413 20:26:28.782" endtime="20230413 20:26:28.783"/>
</kw>
<kw name="Navigate to Downloadable Products page" library="Account">
<status status="NOT RUN" starttime="20230413 20:26:28.784" endtime="20230413 20:26:28.784"/>
</kw>
<kw name="Validate empty downloadable products page" library="Account">
<status status="NOT RUN" starttime="20230413 20:26:28.785" endtime="20230413 20:26:28.785"/>
</kw>
<kw name="Close Browser" library="SeleniumLibrary" type="TEARDOWN">
<doc>Closes the current browser.</doc>
<status status="PASS" starttime="20230413 20:26:28.786" endtime="20230413 20:26:30.991"/>
</kw>
<status status="FAIL" starttime="20230413 20:26:23.067" endtime="20230413 20:26:30.992">Element with locator '//a[@class='ico-account']' not found.</status>
</test>
<test id="s1-s1-s1-t2" name="TC_ACCOUNT _007 Check if Back in stock subscriptions link leads to My account - Back in stock subscriptions section">
<kw name="Open app" library="Common" type="SETUP">
<kw name="Open Browser" library="SeleniumLibrary">
<arg>${Homepage_URL}</arg>
<arg>${browser}</arg>
<doc>Opens a new browser instance to the optional ``url``.</doc>
<msg timestamp="20230413 20:26:30.996" level="INFO">Opening browser 'chrome' to base url 'https://demo.nopcommerce.com/'.</msg>
<status status="PASS" starttime="20230413 20:26:30.995" endtime="20230413 20:26:35.906"/>
</kw>
<kw name="Maximize Browser Window" library="SeleniumLibrary">
<doc>Maximizes current browser window.</doc>
<status status="PASS" starttime="20230413 20:26:35.907" endtime="20230413 20:26:36.045"/>
</kw>
<status status="PASS" starttime="20230413 20:26:30.994" endtime="20230413 20:26:36.046"/>
</kw>
<kw name="Navigate to Login page" library="Login">
<kw name="Click Link" library="SeleniumLibrary">
<arg>${LoginLink}</arg>
<doc>Clicks a link identified by ``locator``.</doc>
<msg timestamp="20230413 20:26:36.049" level="INFO">Clicking link '//a[@class='ico-login']'.</msg>
<status status="PASS" starttime="20230413 20:26:36.048" endtime="20230413 20:26:37.407"/>
</kw>
<kw name="Element Text Should Be" library="SeleniumLibrary">
<arg>${LoginLabel_LoginPage}</arg>
<arg>${LoginLabel_Text}</arg>
<doc>Verifies that element ``locator`` contains exact the text ``expected``.</doc>
<msg timestamp="20230413 20:26:37.409" level="INFO">Verifying element '//div[@class="page-title"]' contains exact text 'Welcome, Please Sign In!'.</msg>
<status status="PASS" starttime="20230413 20:26:37.408" endtime="20230413 20:26:37.445"/>
</kw>
<status status="PASS" starttime="20230413 20:26:36.047" endtime="20230413 20:26:37.445"/>
</kw>
<kw name="Login user" library="Login">
<arg>${login_valid_credentials}[email]</arg>
<arg>${login_valid_credentials}[pass]</arg>
<kw name="Input Text" library="SeleniumLibrary">
<arg>${EmailInputFieldLogin}</arg>
<arg>${arg1}</arg>
<doc>Types the given ``text`` into the text field identified by ``locator``.</doc>
<msg timestamp="20230413 20:26:37.450" level="INFO">Typing text 'janedoe@email.com' into text field 'id:Email'.</msg>
<status status="PASS" starttime="20230413 20:26:37.449" endtime="20230413 20:26:37.610"/>
</kw>
<kw name="Input Text" library="SeleniumLibrary">
<arg>${PasswordInputFieldLogin}</arg>
<arg>${arg2}</arg>
<doc>Types the given ``text`` into the text field identified by ``locator``.</doc>
<msg timestamp="20230413 20:26:37.612" level="INFO">Typing text '123456' into text field 'id:Password'.</msg>
<status status="PASS" starttime="20230413 20:26:37.611" endtime="20230413 20:26:37.728"/>
</kw>
<kw name="Click Button" library="SeleniumLibrary">
<arg>${LoginButton}</arg>
<doc>Clicks the button identified by ``locator``.</doc>
<msg timestamp="20230413 20:26:37.729" level="INFO">Clicking button '//button[@class="button-1 login-button"]'.</msg>
<status status="PASS" starttime="20230413 20:26:37.729" endtime="20230413 20:26:38.261"/>
</kw>
<status status="PASS" starttime="20230413 20:26:37.447" endtime="20230413 20:26:38.263"/>
</kw>
<kw name="Validate successful login" library="Login">
<kw name="Element Text Should Be" library="SeleniumLibrary">
<arg>${SuccessfulLogin_MyAccount}</arg>
<arg>${SuccessfulLogin_BtnText}</arg>
<doc>Verifies that element ``locator`` contains exact the text ``expected``.</doc>
<msg timestamp="20230413 20:26:38.268" level="INFO">Verifying element '//a[@class='ico-account']' contains exact text 'My account'.</msg>
<kw name="Capture Page Screenshot" library="SeleniumLibrary">
<doc>Takes a screenshot of the current page and embeds it into a log file.</doc>
<msg timestamp="20230413 20:26:38.420" level="INFO" html="true">&lt;/td&gt;&lt;/tr&gt;&lt;tr&gt;&lt;td colspan="3"&gt;&lt;a href="selenium-screenshot-14.png"&gt;&lt;img src="selenium-screenshot-14.png" width="800px"&gt;&lt;/a&gt;</msg>
<status status="PASS" starttime="20230413 20:26:38.288" endtime="20230413 20:26:38.420"/>
</kw>
<msg timestamp="20230413 20:26:38.421" level="FAIL">Element with locator '//a[@class='ico-account']' not found.</msg>
<status status="FAIL" starttime="20230413 20:26:38.266" endtime="20230413 20:26:38.422"/>
</kw>
<status status="FAIL" starttime="20230413 20:26:38.265" endtime="20230413 20:26:38.423"/>
</kw>
<kw name="Navigate to My Account" library="Account">
<status status="NOT RUN" starttime="20230413 20:26:38.424" endtime="20230413 20:26:38.424"/>
</kw>
<kw name="Navigate to Back in stock subscriptions page" library="Account">
<status status="NOT RUN" starttime="20230413 20:26:38.424" endtime="20230413 20:26:38.424"/>
</kw>
<kw name="Validate empty back in stock subscriptions page" library="Account">
<status status="NOT RUN" starttime="20230413 20:26:38.425" endtime="20230413 20:26:38.425"/>
</kw>
<kw name="Close Browser" library="SeleniumLibrary" type="TEARDOWN">
<doc>Closes the current browser.</doc>
<status status="PASS" starttime="20230413 20:26:38.425" endtime="20230413 20:26:40.555"/>
</kw>
<status status="FAIL" starttime="20230413 20:26:30.993" endtime="20230413 20:26:40.555">Element with locator '//a[@class='ico-account']' not found.</status>
</test>
<status status="FAIL" starttime="20230413 20:26:22.829" endtime="20230413 20:26:40.557"/>
</suite>
<suite id="s1-s1-s2" name="Checkout" source="D:\CS Program etc\GitHub\Third Project\RobotProject\nopCommerce\Tests\Checkout.robot">
<test id="s1-s1-s2-t1" name="TC_CHECKOUT_005 Check if error message is displayed when user doesn't enter data in all of the required filed in billing address while checking out as guest">
<kw name="Open app" library="Common" type="SETUP">
<kw name="Open Browser" library="SeleniumLibrary">
<arg>${Homepage_URL}</arg>
<arg>${browser}</arg>
<doc>Opens a new browser instance to the optional ``url``.</doc>
<msg timestamp="20230413 20:26:40.645" level="INFO">Opening browser 'chrome' to base url 'https://demo.nopcommerce.com/'.</msg>
<status status="PASS" starttime="20230413 20:26:40.645" endtime="20230413 20:26:43.810"/>
</kw>
<kw name="Maximize Browser Window" library="SeleniumLibrary">
<doc>Maximizes current browser window.</doc>
<status status="PASS" starttime="20230413 20:26:43.811" endtime="20230413 20:26:43.949"/>
</kw>
<status status="PASS" starttime="20230413 20:26:40.644" endtime="20230413 20:26:43.949"/>
</kw>
<kw name="Navigate to Software Submenu PLP" library="PLP">
<kw name="Click Link" library="SeleniumLibrary">
<arg>${ComputersMenuLink}</arg>
<doc>Clicks a link identified by ``locator``.</doc>
<msg timestamp="20230413 20:26:43.953" level="INFO">Clicking link '(//*[@href="/computers"])[1]'.</msg>
<status status="PASS" starttime="20230413 20:26:43.952" endtime="20230413 20:26:45.193"/>
</kw>
<kw name="Element Should Be Visible" library="SeleniumLibrary">
<arg>${ComputersLabel_PLP}</arg>
<doc>Verifies that the element identified by ``locator`` is visible.</doc>
<msg timestamp="20230413 20:26:45.224" level="INFO">Element '//h1[normalize-space()='Computers']' is displayed.</msg>
<status status="PASS" starttime="20230413 20:26:45.194" endtime="20230413 20:26:45.225"/>
</kw>
<kw name="Click Link" library="SeleniumLibrary">
<arg>${SoftwareItemBoxLink}</arg>
<doc>Clicks a link identified by ``locator``.</doc>
<msg timestamp="20230413 20:26:45.226" level="INFO">Clicking link '//a[@title='Show products in category Software'][normalize-space()='Software']'.</msg>
<status status="PASS" starttime="20230413 20:26:45.225" endtime="20230413 20:26:45.697"/>
</kw>
<kw name="Element Should Be Visible" library="SeleniumLibrary">
<arg>${SoftwareLabel_PLP}</arg>
<doc>Verifies that the element identified by ``locator`` is visible.</doc>
<msg timestamp="20230413 20:26:45.744" level="INFO">Element '//h1[normalize-space()='Software']' is displayed.</msg>
<status status="PASS" starttime="20230413 20:26:45.697" endtime="20230413 20:26:45.744"/>
</kw>
<status status="PASS" starttime="20230413 20:26:43.950" endtime="20230413 20:26:45.745"/>
</kw>
<kw name="Click on add to cart button for product" library="ShoppingCart">
<arg>${AddToCartBtnForSoftwareProduct}</arg>
<kw name="Click Button" library="SeleniumLibrary">
<arg>${add_to_cart_btn_product}</arg>
<doc>Clicks the button identified by ``locator``.</doc>
<msg timestamp="20230413 20:26:45.747" level="INFO">Clicking button '(//button[@class="button-2 product-box-add-to-cart-button"])[2]'.</msg>
<status status="PASS" starttime="20230413 20:26:45.746" endtime="20230413 20:26:45.895"/>
</kw>
<status status="PASS" starttime="20230413 20:26:45.745" endtime="20230413 20:26:45.896"/>
</kw>
<kw name="Navigate to shopping cart" library="ShoppingCart">
<kw name="Wait Until Element Is Visible" library="SeleniumLibrary">
<arg>${ShoppingCartLink}</arg>
<doc>Waits until the element ``locator`` is visible.</doc>
<status status="PASS" starttime="20230413 20:26:45.898" endtime="20230413 20:26:45.936"/>
</kw>
<kw name="Click Link" library="SeleniumLibrary">
<arg>${ShoppingCartLink}</arg>
<doc>Clicks a link identified by ``locator``.</doc>
<msg timestamp="20230413 20:26:45.937" level="INFO">Clicking link '//a[@class="ico-cart"]'.</msg>
<status status="PASS" starttime="20230413 20:26:45.936" endtime="20230413 20:26:46.564"/>
</kw>
<kw name="Element Should Be Visible" library="SeleniumLibrary">
<arg>${ShoppingCartLabel}</arg>
<doc>Verifies that the element identified by ``locator`` is visible.</doc>
<msg timestamp="20230413 20:26:46.600" level="INFO">Element '//h1[normalize-space()='Shopping cart']' is displayed.</msg>
<status status="PASS" starttime="20230413 20:26:46.565" endtime="20230413 20:26:46.601"/>
</kw>
<status status="PASS" starttime="20230413 20:26:45.897" endtime="20230413 20:26:46.601"/>
</kw>
<kw name="Navigate to Checkout as guest page" library="ShoppingCart">
<kw name="Select Checkbox" library="SeleniumLibrary">
<arg>${TermsOfServiceCheckBox_ShoppingCart}</arg>
<doc>Selects the checkbox identified by ``locator``.</doc>
<msg timestamp="20230413 20:26:46.604" level="INFO">Selecting checkbox 'id:termsofservice'.</msg>
<status status="PASS" starttime="20230413 20:26:46.603" endtime="20230413 20:26:46.737"/>
</kw>
<kw name="Click Button" library="SeleniumLibrary">
<arg>${CheckoutBtn_ShoppingCart}</arg>
<doc>Clicks the button identified by ``locator``.</doc>
<msg timestamp="20230413 20:26:46.740" level="INFO">Clicking button '//button[@id='checkout']'.</msg>
<status status="PASS" starttime="20230413 20:26:46.738" endtime="20230413 20:26:47.480"/>
</kw>
<kw name="Wait Until Element Is Visible" library="SeleniumLibrary">
<arg>${CheckoutAsGuestBtn}</arg>
<doc>Waits until the element ``locator`` is visible.</doc>
<status status="PASS" starttime="20230413 20:26:47.480" endtime="20230413 20:26:47.516"/>
</kw>
<kw name="Click Button" library="SeleniumLibrary">
<arg>${CheckoutAsGuestBtn}</arg>
<doc>Clicks the button identified by ``locator``.</doc>
<msg timestamp="20230413 20:26:47.517" level="INFO">Clicking button '//button[@class="button-1 checkout-as-guest-button"]'.</msg>
<status status="PASS" starttime="20230413 20:26:47.517" endtime="20230413 20:26:48.587"/>
</kw>
<status status="PASS" starttime="20230413 20:26:46.602" endtime="20230413 20:26:48.589"/>
</kw>
<kw name="Leave input fields empty and click on continue button" library="Checkout">
<kw name="Element Should Be Visible" library="SeleniumLibrary">
<arg>${CheckoutLabel}</arg>
<doc>Verifies that the element identified by ``locator`` is visible.</doc>
<msg timestamp="20230413 20:26:48.632" level="INFO">Element '//h1[normalize-space()='Checkout']' is displayed.</msg>
<status status="PASS" starttime="20230413 20:26:48.591" endtime="20230413 20:26:48.632"/>
</kw>
<kw name="Click Button" library="SeleniumLibrary">
<arg>${ContinueBtn_BillingAddress_Checkout}</arg>
<doc>Clicks the button identified by ``locator``.</doc>
<msg timestamp="20230413 20:26:48.633" level="INFO">Clicking button '//button[@onclick='Billing.save()']'.</msg>
<status status="PASS" starttime="20230413 20:26:48.633" endtime="20230413 20:26:48.716"/>
</kw>
<status status="PASS" starttime="20230413 20:26:48.590" endtime="20230413 20:26:48.717"/>
</kw>
<kw name="Validate empty required fields errors" library="Checkout">
<kw name="Wait Until Element Is Visible" library="SeleniumLibrary">
<arg>${EmptyFirstName_Error_Checkout}</arg>
<doc>Waits until the element ``locator`` is visible.</doc>
<status status="PASS" starttime="20230413 20:26:48.719" endtime="20230413 20:26:49.178"/>
</kw>
<kw name="Element Text Should Be" library="SeleniumLibrary">
<arg>${EmptyFirstName_Error_Checkout}</arg>
<arg>${EmptyFirstN_ErrorText_Checkout}</arg>
<doc>Verifies that element ``locator`` contains exact the text ``expected``.</doc>
<msg timestamp="20230413 20:26:49.179" level="INFO">Verifying element '(//span[@class="field-validation-error"])[1]' contains exact text 'First name is required.'.</msg>
<status status="PASS" starttime="20230413 20:26:49.178" endtime="20230413 20:26:49.202"/>
</kw>
<kw name="Element Text Should Be" library="SeleniumLibrary">
<arg>${EmptyLastName_Error_Checkout}</arg>
<arg>${EmptyLastN_ErrorText_Checkout}</arg>
<doc>Verifies that element ``locator`` contains exact the text ``expected``.</doc>
<msg timestamp="20230413 20:26:49.203" level="INFO">Verifying element '(//span[@class="field-validation-error"])[2]' contains exact text 'Last name is required.'.</msg>
<status status="PASS" starttime="20230413 20:26:49.202" endtime="20230413 20:26:49.230"/>
</kw>
<kw name="Element Text Should Be" library="SeleniumLibrary">
<arg>${EmptyEmail_Error_Checkout}</arg>
<arg>${EmptyEmail_ErrorText_Checkout}</arg>
<doc>Verifies that element ``locator`` contains exact the text ``expected``.</doc>
<msg timestamp="20230413 20:26:49.232" level="INFO">Verifying element '(//span[@class="field-validation-error"])[3]' contains exact text 'Email is required.'.</msg>
<status status="PASS" starttime="20230413 20:26:49.231" endtime="20230413 20:26:49.257"/>
</kw>
<kw name="Element Text Should Be" library="SeleniumLibrary">
<arg>${EmptyCountry_Error_Checkout}</arg>
<arg>${EmptyCountry_ErrorText_Checkout}</arg>
<doc>Verifies that element ``locator`` contains exact the text ``expected``.</doc>
<msg timestamp="20230413 20:26:49.258" level="INFO">Verifying element '(//span[@class="field-validation-error"])[4]' contains exact text 'Country is required.'.</msg>
<status status="PASS" starttime="20230413 20:26:49.257" endtime="20230413 20:26:49.285"/>
</kw>
<kw name="Element Text Should Be" library="SeleniumLibrary">
<arg>${EmptyCity_Error_Checkout}</arg>
<arg>${EmptyCity_ErrorText_Checkout}</arg>
<doc>Verifies that element ``locator`` contains exact the text ``expected``.</doc>
<msg timestamp="20230413 20:26:49.286" level="INFO">Verifying element '(//span[@class="field-validation-error"])[5]' contains exact text 'City is required'.</msg>
<status status="PASS" starttime="20230413 20:26:49.285" endtime="20230413 20:26:49.315"/>
</kw>
<kw name="Element Text Should Be" library="SeleniumLibrary">
<arg>${EmptyStreet_Error_Checkout}</arg>
<arg>${EmptyStreet_ErrorText_Checkout}</arg>
<doc>Verifies that element ``locator`` contains exact the text ``expected``.</doc>
<msg timestamp="20230413 20:26:49.316" level="INFO">Verifying element '(//span[@class="field-validation-error"])[6]' contains exact text 'Street address is required'.</msg>
<status status="PASS" starttime="20230413 20:26:49.315" endtime="20230413 20:26:49.342"/>
</kw>
<kw name="Element Text Should Be" library="SeleniumLibrary">
<arg>${EmptyZip_Error_Checkout}</arg>
<arg>${EmptyZip_ErrorText_Checkout}</arg>
<doc>Verifies that element ``locator`` contains exact the text ``expected``.</doc>
<msg timestamp="20230413 20:26:49.343" level="INFO">Verifying element '(//span[@class="field-validation-error"])[7]' contains exact text 'Zip / postal code is required'.</msg>
<status status="PASS" starttime="20230413 20:26:49.342" endtime="20230413 20:26:49.369"/>
</kw>
<kw name="Element Text Should Be" library="SeleniumLibrary">
<arg>${EmptyPhone_Error_Checkout}</arg>
<arg>${EmptyPhone_ErrorText_Checkout}</arg>
<doc>Verifies that element ``locator`` contains exact the text ``expected``.</doc>
<msg timestamp="20230413 20:26:49.370" level="INFO">Verifying element '(//span[@class="field-validation-error"])[8]' contains exact text 'Phone is required'.</msg>
<status status="PASS" starttime="20230413 20:26:49.370" endtime="20230413 20:26:49.411"/>
</kw>
<status status="PASS" starttime="20230413 20:26:48.718" endtime="20230413 20:26:49.412"/>
</kw>
<kw name="Close Browser" library="SeleniumLibrary" type="TEARDOWN">
<doc>Closes the current browser.</doc>
<status status="PASS" starttime="20230413 20:26:49.413" endtime="20230413 20:26:51.569"/>
</kw>
<status status="PASS" starttime="20230413 20:26:40.643" endtime="20230413 20:26:51.570"/>
</test>
<test id="s1-s1-s2-t2" name="TC_CHECKOUT_007 Checkout as guest and pay with: Check / Money order">
<kw name="Open app" library="Common" type="SETUP">
<kw name="Open Browser" library="SeleniumLibrary">
<arg>${Homepage_URL}</arg>
<arg>${browser}</arg>
<doc>Opens a new browser instance to the optional ``url``.</doc>
<msg timestamp="20230413 20:26:51.574" level="INFO">Opening browser 'chrome' to base url 'https://demo.nopcommerce.com/'.</msg>
<status status="PASS" starttime="20230413 20:26:51.573" endtime="20230413 20:26:53.738"/>
</kw>
<kw name="Maximize Browser Window" library="SeleniumLibrary">
<doc>Maximizes current browser window.</doc>
<status status="PASS" starttime="20230413 20:26:53.739" endtime="20230413 20:26:53.894"/>
</kw>
<status status="PASS" starttime="20230413 20:26:51.572" endtime="20230413 20:26:53.895"/>
</kw>
<kw name="Navigate to Software Submenu PLP" library="PLP">
<kw name="Click Link" library="SeleniumLibrary">
<arg>${ComputersMenuLink}</arg>
<doc>Clicks a link identified by ``locator``.</doc>
<msg timestamp="20230413 20:26:53.896" level="INFO">Clicking link '(//*[@href="/computers"])[1]'.</msg>
<status status="PASS" starttime="20230413 20:26:53.896" endtime="20230413 20:26:54.563"/>
</kw>
<kw name="Element Should Be Visible" library="SeleniumLibrary">
<arg>${ComputersLabel_PLP}</arg>
<doc>Verifies that the element identified by ``locator`` is visible.</doc>
<msg timestamp="20230413 20:26:54.595" level="INFO">Element '//h1[normalize-space()='Computers']' is displayed.</msg>
<status status="PASS" starttime="20230413 20:26:54.564" endtime="20230413 20:26:54.596"/>
</kw>
<kw name="Click Link" library="SeleniumLibrary">
<arg>${SoftwareItemBoxLink}</arg>
<doc>Clicks a link identified by ``locator``.</doc>
<msg timestamp="20230413 20:26:54.597" level="INFO">Clicking link '//a[@title='Show products in category Software'][normalize-space()='Software']'.</msg>
<status status="PASS" starttime="20230413 20:26:54.596" endtime="20230413 20:26:55.185"/>
</kw>
<kw name="Element Should Be Visible" library="SeleniumLibrary">
<arg>${SoftwareLabel_PLP}</arg>
<doc>Verifies that the element identified by ``locator`` is visible.</doc>
<msg timestamp="20230413 20:26:55.250" level="INFO">Element '//h1[normalize-space()='Software']' is displayed.</msg>
<status status="PASS" starttime="20230413 20:26:55.186" endtime="20230413 20:26:55.251"/>
</kw>
<status status="PASS" starttime="20230413 20:26:53.895" endtime="20230413 20:26:55.251"/>
</kw>
<kw name="Click on add to cart button for product" library="ShoppingCart">
<arg>${AddToCartBtnForSoftwareProduct}</arg>
<kw name="Click Button" library="SeleniumLibrary">
<arg>${add_to_cart_btn_product}</arg>
<doc>Clicks the button identified by ``locator``.</doc>
<msg timestamp="20230413 20:26:55.253" level="INFO">Clicking button '(//button[@class="button-2 product-box-add-to-cart-button"])[2]'.</msg>
<status status="PASS" starttime="20230413 20:26:55.253" endtime="20230413 20:26:55.389"/>
</kw>
<status status="PASS" starttime="20230413 20:26:55.252" endtime="20230413 20:26:55.390"/>
</kw>
<kw name="Navigate to shopping cart" library="ShoppingCart">
<kw name="Wait Until Element Is Visible" library="SeleniumLibrary">
<arg>${ShoppingCartLink}</arg>
<doc>Waits until the element ``locator`` is visible.</doc>
<status status="PASS" starttime="20230413 20:26:55.392" endtime="20230413 20:26:55.429"/>
</kw>
<kw name="Click Link" library="SeleniumLibrary">
<arg>${ShoppingCartLink}</arg>
<doc>Clicks a link identified by ``locator``.</doc>
<msg timestamp="20230413 20:26:55.431" level="INFO">Clicking link '//a[@class="ico-cart"]'.</msg>
<status status="PASS" starttime="20230413 20:26:55.429" endtime="20230413 20:26:56.109"/>
</kw>
<kw name="Element Should Be Visible" library="SeleniumLibrary">
<arg>${ShoppingCartLabel}</arg>
<doc>Verifies that the element identified by ``locator`` is visible.</doc>
<msg timestamp="20230413 20:26:56.186" level="INFO">Element '//h1[normalize-space()='Shopping cart']' is displayed.</msg>
<status status="PASS" starttime="20230413 20:26:56.111" endtime="20230413 20:26:56.187"/>
</kw>
<status status="PASS" starttime="20230413 20:26:55.390" endtime="20230413 20:26:56.188"/>
</kw>
<kw name="Navigate to Checkout as guest page" library="ShoppingCart">
<kw name="Select Checkbox" library="SeleniumLibrary">
<arg>${TermsOfServiceCheckBox_ShoppingCart}</arg>
<doc>Selects the checkbox identified by ``locator``.</doc>
<msg timestamp="20230413 20:26:56.191" level="INFO">Selecting checkbox 'id:termsofservice'.</msg>
<status status="PASS" starttime="20230413 20:26:56.190" endtime="20230413 20:26:56.288"/>
</kw>
<kw name="Click Button" library="SeleniumLibrary">
<arg>${CheckoutBtn_ShoppingCart}</arg>
<doc>Clicks the button identified by ``locator``.</doc>
<msg timestamp="20230413 20:26:56.289" level="INFO">Clicking button '//button[@id='checkout']'.</msg>
<status status="PASS" starttime="20230413 20:26:56.289" endtime="20230413 20:26:57.117"/>
</kw>
<kw name="Wait Until Element Is Visible" library="SeleniumLibrary">
<arg>${CheckoutAsGuestBtn}</arg>
<doc>Waits until the element ``locator`` is visible.</doc>
<status status="PASS" starttime="20230413 20:26:57.118" endtime="20230413 20:26:57.162"/>
</kw>
<kw name="Click Button" library="SeleniumLibrary">
<arg>${CheckoutAsGuestBtn}</arg>
<doc>Clicks the button identified by ``locator``.</doc>
<msg timestamp="20230413 20:26:57.163" level="INFO">Clicking button '//button[@class="button-1 checkout-as-guest-button"]'.</msg>
<status status="PASS" starttime="20230413 20:26:57.162" endtime="20230413 20:26:58.373"/>
</kw>
<status status="PASS" starttime="20230413 20:26:56.189" endtime="20230413 20:26:58.373"/>
</kw>
<kw name="Fill out Billing address section input fields" library="Checkout">
<arg>${billing_address_checkout}[first-name]</arg>
<arg>${billing_address_checkout}[last-name]</arg>
<arg>${billing_address_checkout}[email]</arg>
<arg>${billing_address_checkout}[country]</arg>
<arg>${billing_address_checkout}[city]</arg>
<arg>${billing_address_checkout}[address1]</arg>
<arg>${billing_address_checkout}[zip-code]</arg>
<arg>${billing_address_checkout}[phone-number]</arg>
<kw name="Element Should Be Visible" library="SeleniumLibrary">
<arg>${CheckoutLabel}</arg>
<doc>Verifies that the element identified by ``locator`` is visible.</doc>
<msg timestamp="20230413 20:26:58.405" level="INFO">Element '//h1[normalize-space()='Checkout']' is displayed.</msg>
<status status="PASS" starttime="20230413 20:26:58.375" endtime="20230413 20:26:58.405"/>
</kw>
<kw name="Element Should Be Visible" library="SeleniumLibrary">
<arg>${BillingAddressLabel_Checkout}</arg>
<doc>Verifies that the element identified by ``locator`` is visible.</doc>
<msg timestamp="20230413 20:26:58.429" level="INFO">Element '//h2[normalize-space()='Billing address']' is displayed.</msg>
<status status="PASS" starttime="20230413 20:26:58.406" endtime="20230413 20:26:58.430"/>
</kw>
<kw name="Select Checkbox" library="SeleniumLibrary">
<arg>${SameAddressCheckbox_BillingAddress_Checkout}</arg>
<doc>Selects the checkbox identified by ``locator``.</doc>
<msg timestamp="20230413 20:26:58.431" level="INFO">Selecting checkbox 'id:ShipToSameAddress'.</msg>
<status status="PASS" starttime="20230413 20:26:58.430" endtime="20230413 20:26:58.476"/>
</kw>
<kw name="Input Text" library="SeleniumLibrary">
<arg>${FirstNameInputField_BillingAddress_Checkout}</arg>
<arg>${first-name}</arg>
<doc>Types the given ``text`` into the text field identified by ``locator``.</doc>
<msg timestamp="20230413 20:26:58.478" level="INFO">Typing text 'Ivan' into text field 'id:BillingNewAddress_FirstName'.</msg>
<status status="PASS" starttime="20230413 20:26:58.477" endtime="20230413 20:26:58.594"/>
</kw>
<kw name="Input Text" library="SeleniumLibrary">
<arg>${LastNameInputField_BillingAddress_Checkout}</arg>
<arg>${last-name}</arg>
<doc>Types the given ``text`` into the text field identified by ``locator``.</doc>
<msg timestamp="20230413 20:26:58.595" level="INFO">Typing text 'Ivanov' into text field 'id:BillingNewAddress_LastName'.</msg>
<status status="PASS" starttime="20230413 20:26:58.595" endtime="20230413 20:26:58.766"/>
</kw>
<kw name="Input Text" library="SeleniumLibrary">
<arg>${EmailInputField_BillingAddress_Checkout}</arg>
<arg>${email}</arg>
<doc>Types the given ``text`` into the text field identified by ``locator``.</doc>
<msg timestamp="20230413 20:26:58.768" level="INFO">Typing text 'ivanov.ivan@email.com' into text field 'id:BillingNewAddress_Email'.</msg>
<status status="PASS" starttime="20230413 20:26:58.767" endtime="20230413 20:26:58.966"/>
</kw>
<kw name="Select From List By Label" library="SeleniumLibrary">
<arg>${CountryDropDown_BillingAddress_Checkout}</arg>
<arg>${country}</arg>
<doc>Selects options from selection list ``locator`` by ``labels``.</doc>
<msg timestamp="20230413 20:26:58.968" level="INFO">Selecting options from selection list '//select[@id='BillingNewAddress_CountryId']' by label Russian Federation.</msg>
<status status="PASS" starttime="20230413 20:26:58.967" endtime="20230413 20:26:59.088"/>
</kw>
<kw name="Input Text" library="SeleniumLibrary">
<arg>${CityInputField_BillingAddress_Checkout}</arg>
<arg>${city}</arg>
<doc>Types the given ``text`` into the text field identified by ``locator``.</doc>
<msg timestamp="20230413 20:26:59.089" level="INFO">Typing text 'Moscow' into text field 'id:BillingNewAddress_City'.</msg>
<status status="PASS" starttime="20230413 20:26:59.088" endtime="20230413 20:26:59.251"/>
</kw>
<kw name="Input Text" library="SeleniumLibrary">
<arg>${Address1InputField_BillingAddress_Checkout}</arg>
<arg>${address}</arg>
<doc>Types the given ``text`` into the text field identified by ``locator``.</doc>
<msg timestamp="20230413 20:26:59.253" level="INFO">Typing text 'Leninsky Ave 20' into text field 'id:BillingNewAddress_Address1'.</msg>
<status status="PASS" starttime="20230413 20:26:59.251" endtime="20230413 20:26:59.439"/>
</kw>
<kw name="Input Text" library="SeleniumLibrary">
<arg>${ZipCodeInputField_BillingAddress_Checkout}</arg>
<arg>${zip}</arg>
<doc>Types the given ``text`` into the text field identified by ``locator``.</doc>
<msg timestamp="20230413 20:26:59.441" level="INFO">Typing text '101000' into text field 'id:BillingNewAddress_ZipPostalCode'.</msg>
<status status="PASS" starttime="20230413 20:26:59.440" endtime="20230413 20:26:59.603"/>
</kw>
<kw name="Input Text" library="SeleniumLibrary">
<arg>${PhoneNumberInputField_BillingAddress_Checkout}</arg>
<arg>${phone}</arg>
<doc>Types the given ``text`` into the text field identified by ``locator``.</doc>
<msg timestamp="20230413 20:26:59.606" level="INFO">Typing text '787-0000' into text field 'id:BillingNewAddress_PhoneNumber'.</msg>
<status status="PASS" starttime="20230413 20:26:59.605" endtime="20230413 20:26:59.771"/>
</kw>
<kw name="Wait Until Element Is Visible" library="SeleniumLibrary">
<arg>${ContinueBtn_BillingAddress_Checkout}</arg>
<doc>Waits until the element ``locator`` is visible.</doc>
<status status="PASS" starttime="20230413 20:26:59.772" endtime="20230413 20:26:59.804"/>
</kw>
<kw name="Click Button" library="SeleniumLibrary">
<arg>${ContinueBtn_BillingAddress_Checkout}</arg>
<doc>Clicks the button identified by ``locator``.</doc>
<msg timestamp="20230413 20:26:59.805" level="INFO">Clicking button '//button[@onclick='Billing.save()']'.</msg>
<status status="PASS" starttime="20230413 20:26:59.804" endtime="20230413 20:26:59.907"/>
</kw>
<status status="PASS" starttime="20230413 20:26:58.374" endtime="20230413 20:26:59.908"/>
</kw>
<kw name="Choose ground method from shipping method section" library="Checkout">
<kw name="Element Should Be Visible" library="SeleniumLibrary">
<arg>${ShippingMethodLabel_Checkout}</arg>
<doc>Verifies that the element identified by ``locator`` is visible.</doc>
<msg timestamp="20230413 20:26:59.941" level="INFO">Element '//h2[normalize-space()='Shipping method']' is displayed.</msg>
<status status="PASS" starttime="20230413 20:26:59.911" endtime="20230413 20:26:59.941"/>
</kw>
<kw name="Wait Until Element Is Visible" library="SeleniumLibrary">
<arg>${GroundRadioBtnId_ShippingMethod_Checkout}</arg>
<doc>Waits until the element ``locator`` is visible.</doc>
<status status="PASS" starttime="20230413 20:26:59.941" endtime="20230413 20:27:00.218"/>
</kw>
<kw name="Select Radio Button" library="SeleniumLibrary">
<arg>${GroundRadioBtnName_ShippingMethod_Checkout}</arg>
<arg>${GroundRadioBtnValue_ShippingMethod_Checkout}</arg>
<doc>Sets the radio button group ``group_name`` to ``value``.</doc>
<msg timestamp="20230413 20:27:00.221" level="INFO">Selecting 'Ground___Shipping.FixedByWeightByTotal' from radio button 'shippingoption'.</msg>
<status status="PASS" starttime="20230413 20:27:00.220" endtime="20230413 20:27:00.249"/>
</kw>
<kw name="Wait Until Element Is Visible" library="SeleniumLibrary">
<arg>${ContinueBtn_ShippingMethod_Checkout}</arg>
<doc>Waits until the element ``locator`` is visible.</doc>
<status status="PASS" starttime="20230413 20:27:00.249" endtime="20230413 20:27:00.275"/>
</kw>
<kw name="Click Button" library="SeleniumLibrary">
<arg>${ContinueBtn_ShippingMethod_Checkout}</arg>
<doc>Clicks the button identified by ``locator``.</doc>
<msg timestamp="20230413 20:27:00.276" level="INFO">Clicking button '//button[@onclick='ShippingMethod.save()']'.</msg>
<status status="PASS" starttime="20230413 20:27:00.276" endtime="20230413 20:27:00.345"/>
</kw>
<status status="PASS" starttime="20230413 20:26:59.909" endtime="20230413 20:27:00.346"/>
</kw>
<kw name="Select pay by cheque or money order from payment method section" library="Checkout">
<kw name="Element Should Be Visible" library="SeleniumLibrary">
<arg>${PaymentMethodLabel_Checkout}</arg>
<doc>Verifies that the element identified by ``locator`` is visible.</doc>
<msg timestamp="20230413 20:27:00.374" level="INFO">Element '//h2[normalize-space()='Payment method']' is displayed.</msg>
<status status="PASS" starttime="20230413 20:27:00.349" endtime="20230413 20:27:00.375"/>
</kw>
<kw name="Wait Until Element Is Visible" library="SeleniumLibrary">
<arg>${CheckRadioBtnId_PaymentMethod_Checkout}</arg>
<doc>Waits until the element ``locator`` is visible.</doc>
<status status="PASS" starttime="20230413 20:27:00.375" endtime="20230413 20:27:00.840"/>
</kw>
<kw name="Select Radio Button" library="SeleniumLibrary">
<arg>${CheckRadioBtnName_PaymentMethod_Checkout}</arg>
<arg>${CheckRadioBtnValue_PaymentMethod_Checkout}</arg>
<doc>Sets the radio button group ``group_name`` to ``value``.</doc>
<msg timestamp="20230413 20:27:00.841" level="INFO">Selecting 'Payments.CheckMoneyOrder' from radio button 'paymentmethod'.</msg>
<status status="PASS" starttime="20230413 20:27:00.840" endtime="20230413 20:27:00.865"/>
</kw>
<kw name="Wait Until Element Is Visible" library="SeleniumLibrary">
<arg>${ContinueBtn_PaymentMethod_Checkout}</arg>
<doc>Waits until the element ``locator`` is visible.</doc>
<status status="PASS" starttime="20230413 20:27:00.866" endtime="20230413 20:27:00.889"/>
</kw>
<kw name="Click Button" library="SeleniumLibrary">
<arg>${ContinueBtn_PaymentMethod_Checkout}</arg>
<doc>Clicks the button identified by ``locator``.</doc>
<msg timestamp="20230413 20:27:00.891" level="INFO">Clicking button '//button[@onclick='PaymentMethod.save()']'.</msg>
<status status="PASS" starttime="20230413 20:27:00.890" endtime="20230413 20:27:00.961"/>
</kw>
<status status="PASS" starttime="20230413 20:27:00.347" endtime="20230413 20:27:00.961"/>
</kw>
<kw name="Validate message from Payment information section" library="Checkout">
<kw name="Element Should Be Visible" library="SeleniumLibrary">
<arg>${PaymentInformationLabel_Checkout}</arg>
<doc>Verifies that the element identified by ``locator`` is visible.</doc>
<msg timestamp="20230413 20:27:00.990" level="INFO">Element '//h2[normalize-space()='Payment information']' is displayed.</msg>
<status status="PASS" starttime="20230413 20:27:00.964" endtime="20230413 20:27:00.990"/>
</kw>
<kw name="Wait Until Element Is Visible" library="SeleniumLibrary">
<arg>${Message_PaymentInformation_Checkout}</arg>
<doc>Waits until the element ``locator`` is visible.</doc>
<status status="PASS" starttime="20230413 20:27:00.991" endtime="20230413 20:27:01.450"/>
</kw>
<kw name="Element Should Be Visible" library="SeleniumLibrary">
<arg>${Message_PaymentInformation_Checkout}</arg>
<doc>Verifies that the element identified by ``locator`` is visible.</doc>
<msg timestamp="20230413 20:27:01.471" level="INFO">Element '//p[contains(text(),"Mail Personal or Business Check, Cashier's Check")]' is displayed.</msg>
<status status="PASS" starttime="20230413 20:27:01.450" endtime="20230413 20:27:01.472"/>
</kw>
<kw name="Wait Until Element Is Visible" library="SeleniumLibrary">
<arg>${ContinueBtn_PaymentInformation_Checkout}</arg>
<doc>Waits until the element ``locator`` is visible.</doc>
<status status="PASS" starttime="20230413 20:27:01.472" endtime="20230413 20:27:01.498"/>
</kw>
<kw name="Click Button" library="SeleniumLibrary">
<arg>${ContinueBtn_PaymentInformation_Checkout}</arg>
<doc>Clicks the button identified by ``locator``.</doc>
<msg timestamp="20230413 20:27:01.500" level="INFO">Clicking button '//button[@onclick='PaymentInfo.save()']'.</msg>
<status status="PASS" starttime="20230413 20:27:01.499" endtime="20230413 20:27:01.566"/>
</kw>
<status status="PASS" starttime="20230413 20:27:00.962" endtime="20230413 20:27:01.567"/>
</kw>
<kw name="Validate products info from confirm order section" library="Checkout">
<arg>${NameOfSoftwareProduct}</arg>
<kw name="Element Should Be Visible" library="SeleniumLibrary">
<arg>${ConfirmOrderLabel_Checkout}</arg>
<doc>Verifies that the element identified by ``locator`` is visible.</doc>
<msg timestamp="20230413 20:27:01.596" level="INFO">Element '//h2[normalize-space()='Confirm order']' is displayed.</msg>
<status status="PASS" starttime="20230413 20:27:01.569" endtime="20230413 20:27:01.596"/>
</kw>
<kw name="Wait Until Element Is Visible" library="SeleniumLibrary">
<arg>${LinkToPDPFromCheckout}</arg>
<doc>Waits until the element ``locator`` is visible.</doc>
<status status="PASS" starttime="20230413 20:27:01.597" endtime="20230413 20:27:01.858"/>
</kw>
<kw name="Element Should Contain" library="SeleniumLibrary">
<arg>${LinkToPDPFromCheckout}</arg>
<arg>${name}</arg>
<doc>Verifies that element ``locator`` contains text ``expected``.</doc>
<msg timestamp="20230413 20:27:01.886" level="INFO">Element '//a[@class='product-name']' contains text 'Windows 8 Pro'.</msg>
<status status="PASS" starttime="20230413 20:27:01.859" endtime="20230413 20:27:01.887"/>
</kw>
<kw name="Wait Until Element Is Visible" library="SeleniumLibrary">
<arg>${ConfirmBtn_ConfirmOrder_Checkout}</arg>
<doc>Waits until the element ``locator`` is visible.</doc>
<status status="PASS" starttime="20230413 20:27:01.888" endtime="20230413 20:27:01.915"/>
</kw>
<kw name="Click Button" library="SeleniumLibrary">
<arg>${ConfirmBtn_ConfirmOrder_Checkout}</arg>
<doc>Clicks the button identified by ``locator``.</doc>
<msg timestamp="20230413 20:27:01.916" level="INFO">Clicking button '//button[@onclick='ConfirmOrder.save()']'.</msg>
<status status="PASS" starttime="20230413 20:27:01.916" endtime="20230413 20:27:01.986"/>
</kw>
<status status="PASS" starttime="20230413 20:27:01.568" endtime="20230413 20:27:01.987"/>
</kw>
<kw name="Validate order was successfully processed" library="Checkout">
<kw name="Wait Until Element Is Visible" library="SeleniumLibrary">
<arg>${ThankYouLabel_Checkout}</arg>
<doc>Waits until the element ``locator`` is visible.</doc>
<status status="PASS" starttime="20230413 20:27:01.990" endtime="20230413 20:27:02.899"/>
</kw>
<kw name="Element Should Be Visible" library="SeleniumLibrary">
<arg>${ThankYouLabel_Checkout}</arg>
<doc>Verifies that the element identified by ``locator`` is visible.</doc>
<msg timestamp="20230413 20:27:02.920" level="INFO">Element '//h1[normalize-space()='Thank you']' is displayed.</msg>
<status status="PASS" starttime="20230413 20:27:02.900" endtime="20230413 20:27:02.921"/>
</kw>
<kw name="Element Should Be Visible" library="SeleniumLibrary">
<arg>${Message_ThankYou_Checkout}</arg>
<doc>Verifies that the element identified by ``locator`` is visible.</doc>
<msg timestamp="20230413 20:27:02.948" level="INFO">Element '//strong[normalize-space()='Your order has been successfully processed!']' is displayed.</msg>
<status status="PASS" starttime="20230413 20:27:02.921" endtime="20230413 20:27:02.949"/>
</kw>
<kw name="Wait Until Element Is Visible" library="SeleniumLibrary">
<arg>${ContinueBtn_ThankYou_Checkout}</arg>
<doc>Waits until the element ``locator`` is visible.</doc>
<status status="PASS" starttime="20230413 20:27:02.949" endtime="20230413 20:27:02.976"/>
</kw>
<kw name="Click Button" library="SeleniumLibrary">
<arg>${ContinueBtn_ThankYou_Checkout}</arg>
<doc>Clicks the button identified by ``locator``.</doc>
<msg timestamp="20230413 20:27:02.978" level="INFO">Clicking button '//button[@onclick='setLocation("/")']'.</msg>
<status status="PASS" starttime="20230413 20:27:02.977" endtime="20230413 20:27:03.600"/>
</kw>
<kw name="Location Should Be" library="SeleniumLibrary">
<arg>${Homepage_URL}</arg>
<doc>Verifies that the current URL is exactly ``url``.</doc>
<msg timestamp="20230413 20:27:03.644" level="INFO">Current location is 'https://demo.nopcommerce.com/'.</msg>
<status status="PASS" starttime="20230413 20:27:03.601" endtime="20230413 20:27:03.644"/>
</kw>
<status status="PASS" starttime="20230413 20:27:01.988" endtime="20230413 20:27:03.645"/>
</kw>
<kw name="Close Browser" library="SeleniumLibrary" type="TEARDOWN">
<doc>Closes the current browser.</doc>
<status status="PASS" starttime="20230413 20:27:03.646" endtime="20230413 20:27:05.821"/>
</kw>
<status status="PASS" starttime="20230413 20:26:51.571" endtime="20230413 20:27:05.822"/>
</test>
<status status="PASS" starttime="20230413 20:26:40.560" endtime="20230413 20:27:05.824"/>
</suite>
<suite id="s1-s1-s3" name="Login" source="D:\CS Program etc\GitHub\Third Project\RobotProject\nopCommerce\Tests\Login.robot">
<test id="s1-s1-s3-t1" name="TC_LOGIN_002 Enter valid email and valid password">
<kw name="Open app" library="Common" type="SETUP">
<kw name="Open Browser" library="SeleniumLibrary">
<arg>${Homepage_URL}</arg>
<arg>${browser}</arg>
<doc>Opens a new browser instance to the optional ``url``.</doc>
<msg timestamp="20230413 20:27:05.856" level="INFO">Opening browser 'chrome' to base url 'https://demo.nopcommerce.com/'.</msg>
<status status="PASS" starttime="20230413 20:27:05.853" endtime="20230413 20:27:08.770"/>
</kw>
<kw name="Maximize Browser Window" library="SeleniumLibrary">
<doc>Maximizes current browser window.</doc>
<status status="PASS" starttime="20230413 20:27:08.770" endtime="20230413 20:27:08.918"/>
</kw>
<status status="PASS" starttime="20230413 20:27:05.852" endtime="20230413 20:27:08.919"/>
</kw>
<kw name="Navigate to Login page" library="Login">
<kw name="Click Link" library="SeleniumLibrary">
<arg>${LoginLink}</arg>
<doc>Clicks a link identified by ``locator``.</doc>
<msg timestamp="20230413 20:27:08.921" level="INFO">Clicking link '//a[@class='ico-login']'.</msg>
<status status="PASS" starttime="20230413 20:27:08.920" endtime="20230413 20:27:09.450"/>
</kw>
<kw name="Element Text Should Be" library="SeleniumLibrary">
<arg>${LoginLabel_LoginPage}</arg>
<arg>${LoginLabel_Text}</arg>
<doc>Verifies that element ``locator`` contains exact the text ``expected``.</doc>
<msg timestamp="20230413 20:27:09.453" level="INFO">Verifying element '//div[@class="page-title"]' contains exact text 'Welcome, Please Sign In!'.</msg>
<status status="PASS" starttime="20230413 20:27:09.451" endtime="20230413 20:27:09.505"/>
</kw>
<status status="PASS" starttime="20230413 20:27:08.919" endtime="20230413 20:27:09.506"/>
</kw>
<kw name="Login user" library="Login">
<arg>${login_valid_credentials}[email]</arg>
<arg>${login_valid_credentials}[pass]</arg>
<kw name="Input Text" library="SeleniumLibrary">
<arg>${EmailInputFieldLogin}</arg>
<arg>${arg1}</arg>
<doc>Types the given ``text`` into the text field identified by ``locator``.</doc>
<msg timestamp="20230413 20:27:09.508" level="INFO">Typing text 'janedoe@email.com' into text field 'id:Email'.</msg>
<status status="PASS" starttime="20230413 20:27:09.507" endtime="20230413 20:27:09.674"/>
</kw>
<kw name="Input Text" library="SeleniumLibrary">
<arg>${PasswordInputFieldLogin}</arg>
<arg>${arg2}</arg>
<doc>Types the given ``text`` into the text field identified by ``locator``.</doc>
<msg timestamp="20230413 20:27:09.675" level="INFO">Typing text '123456' into text field 'id:Password'.</msg>
<status status="PASS" starttime="20230413 20:27:09.674" endtime="20230413 20:27:09.797"/>
</kw>
<kw name="Click Button" library="SeleniumLibrary">
<arg>${LoginButton}</arg>
<doc>Clicks the button identified by ``locator``.</doc>
<msg timestamp="20230413 20:27:09.798" level="INFO">Clicking button '//button[@class="button-1 login-button"]'.</msg>
<status status="PASS" starttime="20230413 20:27:09.797" endtime="20230413 20:27:10.252"/>
</kw>
<status status="PASS" starttime="20230413 20:27:09.506" endtime="20230413 20:27:10.253"/>
</kw>
<kw name="Validate successful login" library="Login">
<kw name="Element Text Should Be" library="SeleniumLibrary">
<arg>${SuccessfulLogin_MyAccount}</arg>
<arg>${SuccessfulLogin_BtnText}</arg>
<doc>Verifies that element ``locator`` contains exact the text ``expected``.</doc>
<msg timestamp="20230413 20:27:10.258" level="INFO">Verifying element '//a[@class='ico-account']' contains exact text 'My account'.</msg>
<kw name="Capture Page Screenshot" library="SeleniumLibrary">
<doc>Takes a screenshot of the current page and embeds it into a log file.</doc>
<msg timestamp="20230413 20:27:10.428" level="INFO" html="true">&lt;/td&gt;&lt;/tr&gt;&lt;tr&gt;&lt;td colspan="3"&gt;&lt;a href="selenium-screenshot-15.png"&gt;&lt;img src="selenium-screenshot-15.png" width="800px"&gt;&lt;/a&gt;</msg>
<status status="PASS" starttime="20230413 20:27:10.275" endtime="20230413 20:27:10.429"/>
</kw>
<msg timestamp="20230413 20:27:10.431" level="FAIL">Element with locator '//a[@class='ico-account']' not found.</msg>
<status status="FAIL" starttime="20230413 20:27:10.257" endtime="20230413 20:27:10.431"/>
</kw>
<status status="FAIL" starttime="20230413 20:27:10.254" endtime="20230413 20:27:10.432"/>
</kw>
<kw name="Close Browser" library="SeleniumLibrary" type="TEARDOWN">
<doc>Closes the current browser.</doc>
<status status="PASS" starttime="20230413 20:27:10.433" endtime="20230413 20:27:12.586"/>
</kw>
<status status="FAIL" starttime="20230413 20:27:05.851" endtime="20230413 20:27:12.587">Element with locator '//a[@class='ico-account']' not found.</status>
</test>
<test id="s1-s1-s3-t2" name="TC_LOGIN_004 Enter invalid email and valid password">
<kw name="Open app" library="Common" type="SETUP">
<kw name="Open Browser" library="SeleniumLibrary">
<arg>${Homepage_URL}</arg>
<arg>${browser}</arg>
<doc>Opens a new browser instance to the optional ``url``.</doc>
<msg timestamp="20230413 20:27:12.591" level="INFO">Opening browser 'chrome' to base url 'https://demo.nopcommerce.com/'.</msg>
<status status="PASS" starttime="20230413 20:27:12.590" endtime="20230413 20:27:15.004"/>
</kw>
<kw name="Maximize Browser Window" library="SeleniumLibrary">
<doc>Maximizes current browser window.</doc>
<status status="PASS" starttime="20230413 20:27:15.005" endtime="20230413 20:27:15.162"/>
</kw>
<status status="PASS" starttime="20230413 20:27:12.589" endtime="20230413 20:27:15.163"/>
</kw>
<kw name="Navigate to Login page" library="Login">
<kw name="Click Link" library="SeleniumLibrary">
<arg>${LoginLink}</arg>
<doc>Clicks a link identified by ``locator``.</doc>
<msg timestamp="20230413 20:27:15.166" level="INFO">Clicking link '//a[@class='ico-login']'.</msg>
<status status="PASS" starttime="20230413 20:27:15.165" endtime="20230413 20:27:15.707"/>
</kw>
<kw name="Element Text Should Be" library="SeleniumLibrary">
<arg>${LoginLabel_LoginPage}</arg>
<arg>${LoginLabel_Text}</arg>
<doc>Verifies that element ``locator`` contains exact the text ``expected``.</doc>
<msg timestamp="20230413 20:27:15.709" level="INFO">Verifying element '//div[@class="page-title"]' contains exact text 'Welcome, Please Sign In!'.</msg>
<status status="PASS" starttime="20230413 20:27:15.707" endtime="20230413 20:27:15.760"/>
</kw>
<status status="PASS" starttime="20230413 20:27:15.164" endtime="20230413 20:27:15.761"/>
</kw>
<kw name="Login user" library="Login">
<arg>${login_invalid_credentials}[email]</arg>
<arg>${login_valid_credentials}[pass]</arg>
<kw name="Input Text" library="SeleniumLibrary">
<arg>${EmailInputFieldLogin}</arg>
<arg>${arg1}</arg>
<doc>Types the given ``text`` into the text field identified by ``locator``.</doc>
<msg timestamp="20230413 20:27:15.763" level="INFO">Typing text 'johndoe@email.com' into text field 'id:Email'.</msg>
<status status="PASS" starttime="20230413 20:27:15.762" endtime="20230413 20:27:15.918"/>
</kw>
<kw name="Input Text" library="SeleniumLibrary">
<arg>${PasswordInputFieldLogin}</arg>
<arg>${arg2}</arg>
<doc>Types the given ``text`` into the text field identified by ``locator``.</doc>
<msg timestamp="20230413 20:27:15.919" level="INFO">Typing text '123456' into text field 'id:Password'.</msg>
<status status="PASS" starttime="20230413 20:27:15.918" endtime="20230413 20:27:16.036"/>
</kw>
<kw name="Click Button" library="SeleniumLibrary">
<arg>${LoginButton}</arg>
<doc>Clicks the button identified by ``locator``.</doc>
<msg timestamp="20230413 20:27:16.037" level="INFO">Clicking button '//button[@class="button-1 login-button"]'.</msg>
<status status="PASS" starttime="20230413 20:27:16.036" endtime="20230413 20:27:16.475"/>
</kw>
<status status="PASS" starttime="20230413 20:27:15.761" endtime="20230413 20:27:16.476"/>
</kw>
<kw name="Validate invalid credentials error" library="Login">
<kw name="Element Should Contain" library="SeleniumLibrary">
<arg>${InvalidCredentials_ErrorLogin}</arg>
<arg>${InvalidCredentials_ErrorText}</arg>
<doc>Verifies that element ``locator`` contains text ``expected``.</doc>
<msg timestamp="20230413 20:27:16.518" level="INFO">Element '//div[@class='message-error validation-summary-errors']' contains text 'Login was unsuccessful. Please correct the errors and try again.'.</msg>
<status status="PASS" starttime="20230413 20:27:16.479" endtime="20230413 20:27:16.518"/>
</kw>
<status status="PASS" starttime="20230413 20:27:16.477" endtime="20230413 20:27:16.519"/>
</kw>
<kw name="Close Browser" library="SeleniumLibrary" type="TEARDOWN">
<doc>Closes the current browser.</doc>
<status status="PASS" starttime="20230413 20:27:16.520" endtime="20230413 20:27:18.695"/>
</kw>
<status status="PASS" starttime="20230413 20:27:12.588" endtime="20230413 20:27:18.696"/>
</test>
<test id="s1-s1-s3-t3" name="TC_LOGIN_006 Enter empty email and empty password">
<kw name="Open app" library="Common" type="SETUP">
<kw name="Open Browser" library="SeleniumLibrary">
<arg>${Homepage_URL}</arg>
<arg>${browser}</arg>
<doc>Opens a new browser instance to the optional ``url``.</doc>
<msg timestamp="20230413 20:27:18.700" level="INFO">Opening browser 'chrome' to base url 'https://demo.nopcommerce.com/'.</msg>
<status status="PASS" starttime="20230413 20:27:18.699" endtime="20230413 20:27:20.885"/>
</kw>
<kw name="Maximize Browser Window" library="SeleniumLibrary">
<doc>Maximizes current browser window.</doc>
<status status="PASS" starttime="20230413 20:27:20.886" endtime="20230413 20:27:21.031"/>
</kw>
<status status="PASS" starttime="20230413 20:27:18.698" endtime="20230413 20:27:21.035"/>
</kw>
<kw name="Navigate to Login page" library="Login">
<kw name="Click Link" library="SeleniumLibrary">
<arg>${LoginLink}</arg>
<doc>Clicks a link identified by ``locator``.</doc>
<msg timestamp="20230413 20:27:21.038" level="INFO">Clicking link '//a[@class='ico-login']'.</msg>
<status status="PASS" starttime="20230413 20:27:21.037" endtime="20230413 20:27:21.795"/>
</kw>
<kw name="Element Text Should Be" library="SeleniumLibrary">
<arg>${LoginLabel_LoginPage}</arg>
<arg>${LoginLabel_Text}</arg>
<doc>Verifies that element ``locator`` contains exact the text ``expected``.</doc>
<msg timestamp="20230413 20:27:21.797" level="INFO">Verifying element '//div[@class="page-title"]' contains exact text 'Welcome, Please Sign In!'.</msg>
<status status="PASS" starttime="20230413 20:27:21.796" endtime="20230413 20:27:21.829"/>
</kw>
<status status="PASS" starttime="20230413 20:27:21.036" endtime="20230413 20:27:21.830"/>
</kw>
<kw name="Login user" library="Login">
<arg>${login_empty}[email]</arg>
<arg>${login_empty}[pass]</arg>
<kw name="Input Text" library="SeleniumLibrary">
<arg>${EmailInputFieldLogin}</arg>
<arg>${arg1}</arg>
<doc>Types the given ``text`` into the text field identified by ``locator``.</doc>
<msg timestamp="20230413 20:27:21.832" level="INFO">Typing text '' into text field 'id:Email'.</msg>
<status status="PASS" starttime="20230413 20:27:21.832" endtime="20230413 20:27:21.971"/>
</kw>
<kw name="Input Text" library="SeleniumLibrary">
<arg>${PasswordInputFieldLogin}</arg>
<arg>${arg2}</arg>
<doc>Types the given ``text`` into the text field identified by ``locator``.</doc>
<msg timestamp="20230413 20:27:21.972" level="INFO">Typing text '' into text field 'id:Password'.</msg>
<status status="PASS" starttime="20230413 20:27:21.972" endtime="20230413 20:27:22.070"/>
</kw>
<kw name="Click Button" library="SeleniumLibrary">
<arg>${LoginButton}</arg>
<doc>Clicks the button identified by ``locator``.</doc>
<msg timestamp="20230413 20:27:22.072" level="INFO">Clicking button '//button[@class="button-1 login-button"]'.</msg>
<status status="PASS" starttime="20230413 20:27:22.070" endtime="20230413 20:27:22.161"/>
</kw>
<status status="PASS" starttime="20230413 20:27:21.830" endtime="20230413 20:27:22.162"/>
</kw>
<kw name="Validate missing email error" library="Login">
<kw name="Element Should Contain" library="SeleniumLibrary">
<arg>${EmptyEmail_ErrorLogin}</arg>
<arg>${EmptyEmail_Text}</arg>
<doc>Verifies that element ``locator`` contains text ``expected``.</doc>
<msg timestamp="20230413 20:27:22.208" level="INFO">Element 'id:Email-error' contains text 'Please enter your email'.</msg>
<status status="PASS" starttime="20230413 20:27:22.166" endtime="20230413 20:27:22.209"/>
</kw>
<status status="PASS" starttime="20230413 20:27:22.164" endtime="20230413 20:27:22.209"/>
</kw>
<kw name="Close Browser" library="SeleniumLibrary" type="TEARDOWN">
<doc>Closes the current browser.</doc>
<status status="PASS" starttime="20230413 20:27:22.210" endtime="20230413 20:27:24.383"/>
</kw>
<status status="PASS" starttime="20230413 20:27:18.697" endtime="20230413 20:27:24.384"/>
</test>
<test id="s1-s1-s3-t4" name="TC_LOGIN_008 Enter empty email and valid password">
<kw name="Open app" library="Common" type="SETUP">
<kw name="Open Browser" library="SeleniumLibrary">
<arg>${Homepage_URL}</arg>
<arg>${browser}</arg>
<doc>Opens a new browser instance to the optional ``url``.</doc>
<msg timestamp="20230413 20:27:24.388" level="INFO">Opening browser 'chrome' to base url 'https://demo.nopcommerce.com/'.</msg>
<status status="PASS" starttime="20230413 20:27:24.387" endtime="20230413 20:27:26.595"/>
</kw>
<kw name="Maximize Browser Window" library="SeleniumLibrary">
<doc>Maximizes current browser window.</doc>
<status status="PASS" starttime="20230413 20:27:26.596" endtime="20230413 20:27:26.735"/>
</kw>
<status status="PASS" starttime="20230413 20:27:24.386" endtime="20230413 20:27:26.739"/>
</kw>
<kw name="Navigate to Login page" library="Login">
<kw name="Click Link" library="SeleniumLibrary">
<arg>${LoginLink}</arg>
<doc>Clicks a link identified by ``locator``.</doc>
<msg timestamp="20230413 20:27:26.740" level="INFO">Clicking link '//a[@class='ico-login']'.</msg>
<status status="PASS" starttime="20230413 20:27:26.740" endtime="20230413 20:27:27.262"/>
</kw>
<kw name="Element Text Should Be" library="SeleniumLibrary">
<arg>${LoginLabel_LoginPage}</arg>
<arg>${LoginLabel_Text}</arg>
<doc>Verifies that element ``locator`` contains exact the text ``expected``.</doc>
<msg timestamp="20230413 20:27:27.265" level="INFO">Verifying element '//div[@class="page-title"]' contains exact text 'Welcome, Please Sign In!'.</msg>
<status status="PASS" starttime="20230413 20:27:27.263" endtime="20230413 20:27:27.316"/>
</kw>
<status status="PASS" starttime="20230413 20:27:26.739" endtime="20230413 20:27:27.316"/>
</kw>
<kw name="Login user" library="Login">
<arg>${login_empty}[email]</arg>
<arg>${login_valid_credentials}[pass]</arg>
<kw name="Input Text" library="SeleniumLibrary">
<arg>${EmailInputFieldLogin}</arg>
<arg>${arg1}</arg>
<doc>Types the given ``text`` into the text field identified by ``locator``.</doc>
<msg timestamp="20230413 20:27:27.319" level="INFO">Typing text '' into text field 'id:Email'.</msg>
<status status="PASS" starttime="20230413 20:27:27.318" endtime="20230413 20:27:27.444"/>
</kw>
<kw name="Input Text" library="SeleniumLibrary">
<arg>${PasswordInputFieldLogin}</arg>
<arg>${arg2}</arg>
<doc>Types the given ``text`` into the text field identified by ``locator``.</doc>
<msg timestamp="20230413 20:27:27.446" level="INFO">Typing text '123456' into text field 'id:Password'.</msg>
<status status="PASS" starttime="20230413 20:27:27.445" endtime="20230413 20:27:27.551"/>
</kw>
<kw name="Click Button" library="SeleniumLibrary">
<arg>${LoginButton}</arg>
<doc>Clicks the button identified by ``locator``.</doc>
<msg timestamp="20230413 20:27:27.552" level="INFO">Clicking button '//button[@class="button-1 login-button"]'.</msg>
<status status="PASS" starttime="20230413 20:27:27.552" endtime="20230413 20:27:27.646"/>
</kw>
<status status="PASS" starttime="20230413 20:27:27.317" endtime="20230413 20:27:27.647"/>
</kw>
<kw name="Validate missing email error" library="Login">
<kw name="Element Should Contain" library="SeleniumLibrary">
<arg>${EmptyEmail_ErrorLogin}</arg>
<arg>${EmptyEmail_Text}</arg>
<doc>Verifies that element ``locator`` contains text ``expected``.</doc>
<msg timestamp="20230413 20:27:27.685" level="INFO">Element 'id:Email-error' contains text 'Please enter your email'.</msg>
<status status="PASS" starttime="20230413 20:27:27.650" endtime="20230413 20:27:27.686"/>
</kw>
<status status="PASS" starttime="20230413 20:27:27.649" endtime="20230413 20:27:27.687"/>
</kw>
<kw name="Close Browser" library="SeleniumLibrary" type="TEARDOWN">
<doc>Closes the current browser.</doc>
<status status="PASS" starttime="20230413 20:27:27.688" endtime="20230413 20:27:29.849"/>
</kw>
<status status="PASS" starttime="20230413 20:27:24.385" endtime="20230413 20:27:29.850"/>
</test>
<status status="FAIL" starttime="20230413 20:27:05.827" endtime="20230413 20:27:29.851"/>
</suite>
<suite id="s1-s1-s4" name="PDP" source="D:\CS Program etc\GitHub\Third Project\RobotProject\nopCommerce\Tests\PDP.robot">
<test id="s1-s1-s4-t1" name="TC_DETAILS_002 Write and submit review for product without login in">
<kw name="Open app" library="Common" type="SETUP">
<kw name="Open Browser" library="SeleniumLibrary">
<arg>${Homepage_URL}</arg>
<arg>${browser}</arg>
<doc>Opens a new browser instance to the optional ``url``.</doc>
<msg timestamp="20230413 20:27:29.916" level="INFO">Opening browser 'chrome' to base url 'https://demo.nopcommerce.com/'.</msg>
<status status="PASS" starttime="20230413 20:27:29.915" endtime="20230413 20:27:32.179"/>
</kw>
<kw name="Maximize Browser Window" library="SeleniumLibrary">
<doc>Maximizes current browser window.</doc>
<status status="PASS" starttime="20230413 20:27:32.180" endtime="20230413 20:27:32.315"/>
</kw>
<status status="PASS" starttime="20230413 20:27:29.914" endtime="20230413 20:27:32.316"/>
</kw>
<kw name="Navigate ro Camera &amp; Photo Submenu PLP" library="PLP">
<kw name="Click Link" library="SeleniumLibrary">
<arg>${ElectronicsMenuLink}</arg>
<doc>Clicks a link identified by ``locator``.</doc>
<msg timestamp="20230413 20:27:32.319" level="INFO">Clicking link '(//*[@href="/electronics"])[1]'.</msg>
<status status="PASS" starttime="20230413 20:27:32.318" endtime="20230413 20:27:32.997"/>
</kw>
<kw name="Element Should Be Visible" library="SeleniumLibrary">
<arg>${ElectronicsLabel_PLP}</arg>
<doc>Verifies that the element identified by ``locator`` is visible.</doc>
<msg timestamp="20230413 20:27:33.029" level="INFO">Element '//h1[normalize-space()='Electronics']' is displayed.</msg>
<status status="PASS" starttime="20230413 20:27:32.998" endtime="20230413 20:27:33.030"/>
</kw>
<kw name="Click Link" library="SeleniumLibrary">
<arg>${CameraPhotoItemBoxLink}</arg>
<doc>Clicks a link identified by ``locator``.</doc>
<msg timestamp="20230413 20:27:33.033" level="INFO">Clicking link '//a[@title='Show products in category Camera &amp; photo'][normalize-space()='Camera &amp; photo']'.</msg>
<status status="PASS" starttime="20230413 20:27:33.030" endtime="20230413 20:27:33.539"/>
</kw>
<kw name="Element Should Be Visible" library="SeleniumLibrary">
<arg>${CameraPhotoLabel_PLP}</arg>
<doc>Verifies that the element identified by ``locator`` is visible.</doc>
<msg timestamp="20230413 20:27:33.586" level="INFO">Element '//h1[normalize-space()='Camera &amp; photo']' is displayed.</msg>
<status status="PASS" starttime="20230413 20:27:33.540" endtime="20230413 20:27:33.586"/>
</kw>
<status status="PASS" starttime="20230413 20:27:32.317" endtime="20230413 20:27:33.587"/>
</kw>
<kw name="Navigate to camera product PDP" library="PDP">
<arg>${CameraProduct_PDP}</arg>
<arg>${CameraProductLabel_PDP}</arg>
<kw name="Click Link" library="SeleniumLibrary">
<arg>${camera_product}</arg>
<doc>Clicks a link identified by ``locator``.</doc>
<msg timestamp="20230413 20:27:33.590" level="INFO">Clicking link '//a[normalize-space()='Leica T Mirrorless Digital Camera']'.</msg>
<status status="PASS" starttime="20230413 20:27:33.589" endtime="20230413 20:27:35.261"/>
</kw>
<kw name="Element Should Be Visible" library="SeleniumLibrary">
<arg>${label}</arg>
<doc>Verifies that the element identified by ``locator`` is visible.</doc>
<msg timestamp="20230413 20:27:35.293" level="INFO">Element '//h1[normalize-space()='Leica T Mirrorless Digital Camera']' is displayed.</msg>
<status status="PASS" starttime="20230413 20:27:35.262" endtime="20230413 20:27:35.294"/>
</kw>
<status status="PASS" starttime="20230413 20:27:33.588" endtime="20230413 20:27:35.294"/>
</kw>
<kw name="Click on add review link for camera product" library="PDP">
<arg>${AddReviewCameraProduct_PDP}</arg>
<kw name="Click Link" library="SeleniumLibrary">
<arg>${review_camera}</arg>
<doc>Clicks a link identified by ``locator``.</doc>
<msg timestamp="20230413 20:27:35.296" level="INFO">Clicking link '(//a[@href="/productreviews/16"])[2]'.</msg>
<status status="PASS" starttime="20230413 20:27:35.296" endtime="20230413 20:27:35.748"/>
</kw>
<status status="PASS" starttime="20230413 20:27:35.295" endtime="20230413 20:27:35.748"/>
</kw>
<kw name="Validate review can't be added without login" library="PDP">
<kw name="Element Text Should Be" library="SeleniumLibrary">
<arg>${RegisteredUsersException_ErrorPDP}</arg>
<arg>${RegisteredUsersException_TextPDP}</arg>
<doc>Verifies that element ``locator`` contains exact the text ``expected``.</doc>
<msg timestamp="20230413 20:27:35.751" level="INFO">Verifying element '//div[@class="message-error validation-summary-errors"]' contains exact text 'Only registered users can write reviews'.</msg>
<status status="PASS" starttime="20230413 20:27:35.750" endtime="20230413 20:27:35.782"/>
</kw>
<status status="PASS" starttime="20230413 20:27:35.749" endtime="20230413 20:27:35.783"/>
</kw>
<kw name="Close Browser" library="SeleniumLibrary" type="TEARDOWN">
<doc>Closes the current browser.</doc>
<status status="PASS" starttime="20230413 20:27:35.783" endtime="20230413 20:27:37.960"/>
</kw>
<status status="PASS" starttime="20230413 20:27:29.913" endtime="20230413 20:27:37.961"/>
</test>
<test id="s1-s1-s4-t2" name="TC_DETAILS_005 Check the share product functionality">
<kw name="Open app" library="Common" type="SETUP">
<kw name="Open Browser" library="SeleniumLibrary">
<arg>${Homepage_URL}</arg>
<arg>${browser}</arg>
<doc>Opens a new browser instance to the optional ``url``.</doc>
<msg timestamp="20230413 20:27:37.964" level="INFO">Opening browser 'chrome' to base url 'https://demo.nopcommerce.com/'.</msg>
<status status="PASS" starttime="20230413 20:27:37.964" endtime="20230413 20:27:40.200"/>
</kw>
<kw name="Maximize Browser Window" library="SeleniumLibrary">
<doc>Maximizes current browser window.</doc>
<status status="PASS" starttime="20230413 20:27:40.202" endtime="20230413 20:27:40.334"/>
</kw>
<status status="PASS" starttime="20230413 20:27:37.963" endtime="20230413 20:27:40.335"/>
</kw>
<kw name="Navigate to Books category PLP" library="PLP">
<kw name="Click Link" library="SeleniumLibrary">
<arg>${BooksMenuLink}</arg>
<doc>Clicks a link identified by ``locator``.</doc>
<msg timestamp="20230413 20:27:40.341" level="INFO">Clicking link '(//*[@href="/books"])[1]'.</msg>
<status status="PASS" starttime="20230413 20:27:40.341" endtime="20230413 20:27:41.065"/>
</kw>
<kw name="Element Should Be Visible" library="SeleniumLibrary">
<arg>${BooksLabel_PLP}</arg>
<doc>Verifies that the element identified by ``locator`` is visible.</doc>
<msg timestamp="20230413 20:27:41.100" level="INFO">Element '//h1[normalize-space()='Books']' is displayed.</msg>
<status status="PASS" starttime="20230413 20:27:41.066" endtime="20230413 20:27:41.101"/>
</kw>
<status status="PASS" starttime="20230413 20:27:40.340" endtime="20230413 20:27:41.102"/>
</kw>
<kw name="Navigate to book product PDP" library="PDP">
<arg>${BookProduct_PDP}</arg>
<arg>${BookProductLabel_PDP}</arg>
<kw name="Click Link" library="SeleniumLibrary">
<arg>${book_product}</arg>
<doc>Clicks a link identified by ``locator``.</doc>
<msg timestamp="20230413 20:27:41.104" level="INFO">Clicking link '//a[normalize-space()='Pride and Prejudice']'.</msg>
<status status="PASS" starttime="20230413 20:27:41.103" endtime="20230413 20:27:42.753"/>
</kw>
<kw name="Element Should Be Visible" library="SeleniumLibrary">
<arg>${label}</arg>
<doc>Verifies that the element identified by ``locator`` is visible.</doc>
<msg timestamp="20230413 20:27:42.787" level="INFO">Element '//h1[normalize-space()='Pride and Prejudice']' is displayed.</msg>
<status status="PASS" starttime="20230413 20:27:42.754" endtime="20230413 20:27:42.787"/>
</kw>
<status status="PASS" starttime="20230413 20:27:41.102" endtime="20230413 20:27:42.787"/>
</kw>
<kw name="Click on email friend button" library="PDP">
<kw name="Click Button" library="SeleniumLibrary">
<arg>${EmailFriendBtn}</arg>
<doc>Clicks the button identified by ``locator``.</doc>
<msg timestamp="20230413 20:27:42.789" level="INFO">Clicking button '//button[@class="button-2 email-a-friend-button"]'.</msg>
<status status="PASS" starttime="20230413 20:27:42.789" endtime="20230413 20:27:43.221"/>
</kw>
<kw name="Element Should Be Visible" library="SeleniumLibrary">
<arg>${EmailFriend_Label}</arg>
<doc>Verifies that the element identified by ``locator`` is visible.</doc>
<msg timestamp="20230413 20:27:43.256" level="INFO">Element '//h1[normalize-space()='Email a friend']' is displayed.</msg>
<status status="PASS" starttime="20230413 20:27:43.223" endtime="20230413 20:27:43.257"/>
</kw>
<status status="PASS" starttime="20230413 20:27:42.788" endtime="20230413 20:27:43.257"/>
</kw>
<kw name="Share product" library="PDP">
<arg>${email_friend}[friend]</arg>
<arg>${email_friend}[user]</arg>
<arg>${email_friend}[message]</arg>
<kw name="Input Text" library="SeleniumLibrary">
<arg>${FriendEmailInputField_PDP}</arg>
<arg>${friend}</arg>
<doc>Types the given ``text`` into the text field identified by ``locator``.</doc>
<msg timestamp="20230413 20:27:43.260" level="INFO">Typing text 'tomtop@twi.org' into text field 'id:FriendEmail'.</msg>
<status status="PASS" starttime="20230413 20:27:43.259" endtime="20230413 20:27:43.419"/>
</kw>
<kw name="Input Text" library="SeleniumLibrary">
<arg>${UserEmailInputField_PDP}</arg>
<arg>${user}</arg>
<doc>Types the given ``text`` into the text field identified by ``locator``.</doc>
<msg timestamp="20230413 20:27:43.420" level="INFO">Typing text 'janedoe@email.com' into text field 'id:YourEmailAddress'.</msg>
<status status="PASS" starttime="20230413 20:27:43.419" endtime="20230413 20:27:43.595"/>
</kw>
<kw name="Input Text" library="SeleniumLibrary">
<arg>${MessageInputField_PDP}</arg>
<arg>${message}</arg>
<doc>Types the given ``text`` into the text field identified by ``locator``.</doc>
<msg timestamp="20230413 20:27:43.597" level="INFO">Typing text 'I think you would like this.' into text field 'id:PersonalMessage'.</msg>
<status status="PASS" starttime="20230413 20:27:43.596" endtime="20230413 20:27:43.788"/>
</kw>
<kw name="Click Button" library="SeleniumLibrary">
<arg>${SendEmailBtn_PDP}</arg>
<doc>Clicks the button identified by ``locator``.</doc>
<msg timestamp="20230413 20:27:43.790" level="INFO">Clicking button '//button[@name='send-email']'.</msg>
<status status="PASS" starttime="20230413 20:27:43.789" endtime="20230413 20:27:44.274"/>
</kw>
<status status="PASS" starttime="20230413 20:27:43.258" endtime="20230413 20:27:44.276"/>
</kw>
<kw name="Validate product can't be shared without login" library="PDP">
<kw name="Element Text Should Be" library="SeleniumLibrary">
<arg>${RegisteredUsersException_ErrorPDP}</arg>
<arg>${RegisteredUserException_EmailFriend_TextPDP}</arg>
<doc>Verifies that element ``locator`` contains exact the text ``expected``.</doc>
<msg timestamp="20230413 20:27:44.281" level="INFO">Verifying element '//div[@class="message-error validation-summary-errors"]' contains exact text 'Only registered customers can use email a friend feature'.</msg>
<status status="PASS" starttime="20230413 20:27:44.279" endtime="20230413 20:27:44.316"/>
</kw>
<status status="PASS" starttime="20230413 20:27:44.276" endtime="20230413 20:27:44.317"/>
</kw>
<kw name="Close Browser" library="SeleniumLibrary" type="TEARDOWN">
<doc>Closes the current browser.</doc>
<status status="PASS" starttime="20230413 20:27:44.318" endtime="20230413 20:27:46.492"/>
</kw>
<status status="PASS" starttime="20230413 20:27:37.962" endtime="20230413 20:27:46.493"/>
</test>
<test id="s1-s1-s4-t3" name="TC_DETAILS_006 Test the renting capability of product page with valid dates">
<kw name="Open app" library="Common" type="SETUP">
<kw name="Open Browser" library="SeleniumLibrary">
<arg>${Homepage_URL}</arg>
<arg>${browser}</arg>
<doc>Opens a new browser instance to the optional ``url``.</doc>
<msg timestamp="20230413 20:27:46.497" level="INFO">Opening browser 'chrome' to base url 'https://demo.nopcommerce.com/'.</msg>
<status status="PASS" starttime="20230413 20:27:46.496" endtime="20230413 20:27:48.807"/>
</kw>
<kw name="Maximize Browser Window" library="SeleniumLibrary">
<doc>Maximizes current browser window.</doc>
<status status="PASS" starttime="20230413 20:27:48.808" endtime="20230413 20:27:48.941"/>
</kw>
<status status="PASS" starttime="20230413 20:27:46.495" endtime="20230413 20:27:48.942"/>
</kw>
<kw name="Navigate to Jewelry PLP" library="PLP">
<kw name="Click Link" library="SeleniumLibrary">
<arg>${JewelryMenuLink}</arg>
<doc>Clicks a link identified by ``locator``.</doc>
<msg timestamp="20230413 20:27:48.945" level="INFO">Clicking link '(//*[@href="/jewelry"])[1]'.</msg>
<status status="PASS" starttime="20230413 20:27:48.944" endtime="20230413 20:27:50.188"/>
</kw>
<kw name="Element Should Be Visible" library="SeleniumLibrary">
<arg>${JewelryLabel_PLP}</arg>
<doc>Verifies that the element identified by ``locator`` is visible.</doc>
<msg timestamp="20230413 20:27:50.226" level="INFO">Element '//h1[normalize-space()='Jewelry']' is displayed.</msg>
<status status="PASS" starttime="20230413 20:27:50.189" endtime="20230413 20:27:50.227"/>
</kw>
<status status="PASS" starttime="20230413 20:27:48.943" endtime="20230413 20:27:50.228"/>
</kw>
<kw name="Navigate to Necklace Product PDP" library="PDP">
<kw name="Click Link" library="SeleniumLibrary">
<arg>${NecklaceProduct_PDP}</arg>
<doc>Clicks a link identified by ``locator``.</doc>
<msg timestamp="20230413 20:27:50.230" level="INFO">Clicking link '//h2[@class='product-title']//a[normalize-space()='Elegant Gemstone Necklace (rental)']'.</msg>
<status status="PASS" starttime="20230413 20:27:50.229" endtime="20230413 20:27:52.253"/>
</kw>
<kw name="Element Should Be Visible" library="SeleniumLibrary">
<arg>${NecklaceProductLabel_PDP}</arg>
<doc>Verifies that the element identified by ``locator`` is visible.</doc>
<msg timestamp="20230413 20:27:52.284" level="INFO">Element '//h1[normalize-space()='Elegant Gemstone Necklace (rental)']' is displayed.</msg>
<status status="PASS" starttime="20230413 20:27:52.254" endtime="20230413 20:27:52.285"/>
</kw>
<status status="PASS" starttime="20230413 20:27:50.228" endtime="20230413 20:27:52.285"/>
</kw>
<kw name="Input fields with valid data to rent necklace product" library="PDP">
<arg>${input_fields_necklace}[start-date]</arg>
<arg>${input_fields_necklace}[end-date]</arg>
<arg>${input_fields_necklace}[quantity]</arg>
<kw name="Input Text" library="SeleniumLibrary">
<arg>${StartDateInputField_NecklacePDP}</arg>
<arg>${start_date}</arg>
<doc>Types the given ``text`` into the text field identified by ``locator``.</doc>
<msg timestamp="20230413 20:27:52.288" level="INFO">Typing text '5/1/2022' into text field 'id:rental_start_date_40'.</msg>
<status status="PASS" starttime="20230413 20:27:52.287" endtime="20230413 20:27:52.445"/>
</kw>
<kw name="Input Text" library="SeleniumLibrary">
<arg>${EndDateInputField_NecklacePDP}</arg>
<arg>${end_date}</arg>
<doc>Types the given ``text`` into the text field identified by ``locator``.</doc>
<msg timestamp="20230413 20:27:52.447" level="INFO">Typing text '5/3/2022' into text field 'id:rental_end_date_40'.</msg>
<status status="PASS" starttime="20230413 20:27:52.446" endtime="20230413 20:27:52.680"/>
</kw>
<kw name="Clear Element Text" library="SeleniumLibrary">
<arg>${QuantityInputField_NecklacePDP}</arg>
<doc>Clears the value of the text-input-element identified by ``locator``.</doc>
<status status="PASS" starttime="20230413 20:27:52.681" endtime="20230413 20:27:52.818"/>
</kw>
<kw name="Input Text" library="SeleniumLibrary">
<arg>${QuantityInputField_NecklacePDP}</arg>
<arg>${quantity}</arg>
<doc>Types the given ``text`` into the text field identified by ``locator``.</doc>
<msg timestamp="20230413 20:27:52.819" level="INFO">Typing text '2' into text field 'id:product_enteredQuantity_40'.</msg>
<status status="PASS" starttime="20230413 20:27:52.818" endtime="20230413 20:27:53.006"/>
</kw>
<kw name="Wait Until Element Is Visible" library="SeleniumLibrary">
<arg>${RentBtn_NecklacePDP}</arg>
<doc>Waits until the element ``locator`` is visible.</doc>
<status status="PASS" starttime="20230413 20:27:53.006" endtime="20230413 20:27:53.046"/>
</kw>
<kw name="Click Button" library="SeleniumLibrary">
<arg>${RentBtn_NecklacePDP}</arg>
<doc>Clicks the button identified by ``locator``.</doc>
<msg timestamp="20230413 20:27:53.047" level="INFO">Clicking button '//button[@id='add-to-cart-button-40']'.</msg>
<status status="PASS" starttime="20230413 20:27:53.046" endtime="20230413 20:27:53.204"/>
</kw>
<status status="PASS" starttime="20230413 20:27:52.286" endtime="20230413 20:27:53.206"/>
</kw>
<kw name="Navigate to shopping cart" library="ShoppingCart">
<kw name="Wait Until Element Is Visible" library="SeleniumLibrary">
<arg>${ShoppingCartLink}</arg>
<doc>Waits until the element ``locator`` is visible.</doc>
<status status="PASS" starttime="20230413 20:27:53.208" endtime="20230413 20:27:53.251"/>
</kw>
<kw name="Click Link" library="SeleniumLibrary">
<arg>${ShoppingCartLink}</arg>
<doc>Clicks a link identified by ``locator``.</doc>
<msg timestamp="20230413 20:27:53.253" level="INFO">Clicking link '//a[@class="ico-cart"]'.</msg>
<status status="PASS" starttime="20230413 20:27:53.252" endtime="20230413 20:27:53.744"/>
</kw>
<kw name="Element Should Be Visible" library="SeleniumLibrary">
<arg>${ShoppingCartLabel}</arg>
<doc>Verifies that the element identified by ``locator`` is visible.</doc>
<msg timestamp="20230413 20:27:53.780" level="INFO">Element '//h1[normalize-space()='Shopping cart']' is displayed.</msg>
<status status="PASS" starttime="20230413 20:27:53.745" endtime="20230413 20:27:53.781"/>
</kw>
<status status="PASS" starttime="20230413 20:27:53.207" endtime="20230413 20:27:53.782"/>
</kw>
<kw name="Validate rented product with correct quantity is added to shopping cart" library="ShoppingCart">
<arg>${input_fields_necklace}[quantity]</arg>
<kw name="Element Text Should Be" library="SeleniumLibrary">
<arg>${LinkToPDPFromShoppingCart}</arg>
<arg>${NameOfNecklaceProduct}</arg>
<doc>Verifies that element ``locator`` contains exact the text ``expected``.</doc>
<msg timestamp="20230413 20:27:53.785" level="INFO">Verifying element '//a[@class='product-name']' contains exact text 'Elegant Gemstone Necklace (rental)'.</msg>
<kw name="Capture Page Screenshot" library="SeleniumLibrary">
[...]
<kw name="Wait Until Element Is Visible" library="SeleniumLibrary">
<arg>${ShoppingCartLink}</arg>
<doc>Waits until the element ``locator`` is visible.</doc>
<status status="PASS" starttime="20230413 20:29:57.595" endtime="20230413 20:29:57.635"/>
</kw>
<kw name="Click Link" library="SeleniumLibrary">
<arg>${ShoppingCartLink}</arg>
<doc>Clicks a link identified by ``locator``.</doc>
<msg timestamp="20230413 20:29:57.638" level="INFO">Clicking link '//a[@class="ico-cart"]'.</msg>
<status status="PASS" starttime="20230413 20:29:57.636" endtime="20230413 20:29:58.232"/>
</kw>
<kw name="Element Should Be Visible" library="SeleniumLibrary">
<arg>${ShoppingCartLabel}</arg>
<doc>Verifies that the element identified by ``locator`` is visible.</doc>
<msg timestamp="20230413 20:29:58.265" level="INFO">Element '//h1[normalize-space()='Shopping cart']' is displayed.</msg>
<status status="PASS" starttime="20230413 20:29:58.232" endtime="20230413 20:29:58.265"/>
</kw>
<status status="PASS" starttime="20230413 20:29:57.593" endtime="20230413 20:29:58.266"/>
</kw>
<kw name="Validate custom product was added to shopping cart" library="ShoppingCart">
<arg>${ProductAttribute_ShoppingCart}</arg>
<arg>${custom_text}[text1]</arg>
<kw name="Element Should Contain" library="SeleniumLibrary">
<arg>${attribute}</arg>
<arg>${custom}</arg>
<doc>Verifies that element ``locator`` contains text ``expected``.</doc>
<msg timestamp="20230413 20:29:58.331" level="INFO">Element '(//div[@class="attributes"])[2]' contains text 'Mombasa'.</msg>
<status status="PASS" starttime="20230413 20:29:58.268" endtime="20230413 20:29:58.332"/>
</kw>
<status status="PASS" starttime="20230413 20:29:58.266" endtime="20230413 20:29:58.332"/>
</kw>
<kw name="Edit custom text and add clothing product to shopping cart" library="PDP">
<arg>${custom_text}[text2]</arg>
<kw name="Click Link" library="SeleniumLibrary">
<arg>${EditProductLink_ShoppingCart}</arg>
<doc>Clicks a link identified by ``locator``.</doc>
<msg timestamp="20230413 20:29:58.334" level="INFO">Clicking link '//a[normalize-space()='Edit']'.</msg>
<status status="PASS" starttime="20230413 20:29:58.334" endtime="20230413 20:29:59.132"/>
</kw>
<kw name="Clear Element Text" library="SeleniumLibrary">
<arg>${TextInputField_CustomTShirt_PDP}</arg>
<doc>Clears the value of the text-input-element identified by ``locator``.</doc>
<status status="PASS" starttime="20230413 20:29:59.133" endtime="20230413 20:29:59.195"/>
</kw>
<kw name="Input Text" library="SeleniumLibrary">
<arg>${TextInputField_CustomTShirt_PDP}</arg>
<arg>${custom}</arg>
<doc>Types the given ``text`` into the text field identified by ``locator``.</doc>
<msg timestamp="20230413 20:29:59.196" level="INFO">Typing text 'Jimmy's' into text field '//input[@id='product_attribute_12']'.</msg>
<status status="PASS" starttime="20230413 20:29:59.195" endtime="20230413 20:29:59.286"/>
</kw>
<kw name="Click Button" library="SeleniumLibrary">
<arg>${AddToCartBtnClothingProduct_PDP}</arg>
<doc>Clicks the button identified by ``locator``.</doc>
<msg timestamp="20230413 20:29:59.288" level="INFO">Clicking button '//button[@class="button-1 add-to-cart-button"]'.</msg>
<status status="PASS" starttime="20230413 20:29:59.287" endtime="20230413 20:29:59.435"/>
</kw>
<status status="PASS" starttime="20230413 20:29:58.333" endtime="20230413 20:29:59.436"/>
</kw>
<kw name="Navigate to shopping cart" library="ShoppingCart">
<kw name="Wait Until Element Is Visible" library="SeleniumLibrary">
<arg>${ShoppingCartLink}</arg>
<doc>Waits until the element ``locator`` is visible.</doc>
<status status="PASS" starttime="20230413 20:29:59.439" endtime="20230413 20:29:59.475"/>
</kw>
<kw name="Click Link" library="SeleniumLibrary">
<arg>${ShoppingCartLink}</arg>
<doc>Clicks a link identified by ``locator``.</doc>
<msg timestamp="20230413 20:29:59.476" level="INFO">Clicking link '//a[@class="ico-cart"]'.</msg>
<status status="PASS" starttime="20230413 20:29:59.475" endtime="20230413 20:30:00.100"/>
</kw>
<kw name="Element Should Be Visible" library="SeleniumLibrary">
<arg>${ShoppingCartLabel}</arg>
<doc>Verifies that the element identified by ``locator`` is visible.</doc>
<msg timestamp="20230413 20:30:00.167" level="INFO">Element '//h1[normalize-space()='Shopping cart']' is displayed.</msg>
<status status="PASS" starttime="20230413 20:30:00.101" endtime="20230413 20:30:00.167"/>
</kw>
<status status="PASS" starttime="20230413 20:29:59.437" endtime="20230413 20:30:00.168"/>
</kw>
<kw name="Validate custom product was added to shopping cart" library="ShoppingCart">
<arg>${ProductAttribute_ShoppingCart}</arg>
<arg>${custom_text}[text2]</arg>
<kw name="Element Should Contain" library="SeleniumLibrary">
<arg>${attribute}</arg>
<arg>${custom}</arg>
<doc>Verifies that element ``locator`` contains text ``expected``.</doc>
<msg timestamp="20230413 20:30:00.195" level="INFO">Element '(//div[@class="attributes"])[2]' contains text 'Jimmy's'.</msg>
<status status="PASS" starttime="20230413 20:30:00.170" endtime="20230413 20:30:00.195"/>
</kw>
<status status="PASS" starttime="20230413 20:30:00.168" endtime="20230413 20:30:00.195"/>
</kw>
<kw name="Close Browser" library="SeleniumLibrary" type="TEARDOWN">
<doc>Closes the current browser.</doc>
<status status="PASS" starttime="20230413 20:30:00.196" endtime="20230413 20:30:02.399"/>
</kw>
<status status="PASS" starttime="20230413 20:29:51.666" endtime="20230413 20:30:02.400"/>
</test>
<status status="PASS" starttime="20230413 20:29:44.782" endtime="20230413 20:30:02.402"/>
</suite>
<suite id="s1-s1-s9" name="WishList" source="D:\CS Program etc\GitHub\Third Project\RobotProject\nopCommerce\Tests\WishList.robot">
<test id="s1-s1-s9-t1" name="TC_WISHLIST_003 Check Add products to Cart from wishlist page functionality is working correctly">
<kw name="Open app" library="Common" type="SETUP">
<kw name="Open Browser" library="SeleniumLibrary">
<arg>${Homepage_URL}</arg>
<arg>${browser}</arg>
<doc>Opens a new browser instance to the optional ``url``.</doc>
<msg timestamp="20230413 20:30:02.477" level="INFO">Opening browser 'chrome' to base url 'https://demo.nopcommerce.com/'.</msg>
<status status="PASS" starttime="20230413 20:30:02.476" endtime="20230413 20:30:04.823"/>
</kw>
<kw name="Maximize Browser Window" library="SeleniumLibrary">
<doc>Maximizes current browser window.</doc>
<status status="PASS" starttime="20230413 20:30:04.825" endtime="20230413 20:30:04.995"/>
</kw>
<status status="PASS" starttime="20230413 20:30:02.475" endtime="20230413 20:30:04.996"/>
</kw>
<kw name="Navigate to Books category PLP" library="PLP">
<kw name="Click Link" library="SeleniumLibrary">
<arg>${BooksMenuLink}</arg>
<doc>Clicks a link identified by ``locator``.</doc>
<msg timestamp="20230413 20:30:05.000" level="INFO">Clicking link '(//*[@href="/books"])[1]'.</msg>
<status status="PASS" starttime="20230413 20:30:04.999" endtime="20230413 20:30:05.752"/>
</kw>
<kw name="Element Should Be Visible" library="SeleniumLibrary">
<arg>${BooksLabel_PLP}</arg>
<doc>Verifies that the element identified by ``locator`` is visible.</doc>
<msg timestamp="20230413 20:30:05.789" level="INFO">Element '//h1[normalize-space()='Books']' is displayed.</msg>
<status status="PASS" starttime="20230413 20:30:05.753" endtime="20230413 20:30:05.789"/>
</kw>
<status status="PASS" starttime="20230413 20:30:04.997" endtime="20230413 20:30:05.790"/>
</kw>
<kw name="Click on add to wishlist button for available product" library="WishList">
<arg>${AddToWishlistBtnForAvailableProduct2}</arg>
<kw name="Click Button" library="SeleniumLibrary">
<arg>${wishlist_btn_available_product}</arg>
<doc>Clicks the button identified by ``locator``.</doc>
<msg timestamp="20230413 20:30:05.792" level="INFO">Clicking button '(//button[@class="button-2 add-to-wishlist-button"])[2]'.</msg>
<status status="PASS" starttime="20230413 20:30:05.791" endtime="20230413 20:30:05.883"/>
</kw>
<status status="PASS" starttime="20230413 20:30:05.790" endtime="20230413 20:30:05.884"/>
</kw>
<kw name="Navigate to Wishlist" library="WishList">
<kw name="Click Link" library="SeleniumLibrary">
<arg>${WishlistLink}</arg>
<doc>Clicks a link identified by ``locator``.</doc>
<msg timestamp="20230413 20:30:05.888" level="INFO">Clicking link '//a[@class="ico-wishlist"]'.</msg>
<status status="PASS" starttime="20230413 20:30:05.887" endtime="20230413 20:30:06.597"/>
</kw>
<kw name="Element Should Be Visible" library="SeleniumLibrary">
<arg>${WishlistLabel}</arg>
<doc>Verifies that the element identified by ``locator`` is visible.</doc>
<msg timestamp="20230413 20:30:06.635" level="INFO">Element '//h1[normalize-space()='Wishlist']' is displayed.</msg>
<status status="PASS" starttime="20230413 20:30:06.598" endtime="20230413 20:30:06.636"/>
</kw>
<status status="PASS" starttime="20230413 20:30:05.885" endtime="20230413 20:30:06.637"/>
</kw>
<kw name="Move product from wishlist to shopping cart" library="WishList">
<kw name="Select Checkbox" library="SeleniumLibrary">
<arg>${AddToCartCheckboxInWishlist}</arg>
<doc>Selects the checkbox identified by ``locator``.</doc>
<msg timestamp="20230413 20:30:06.639" level="INFO">Selecting checkbox 'name:addtocart'.</msg>
<status status="PASS" starttime="20230413 20:30:06.638" endtime="20230413 20:30:06.752"/>
</kw>
<kw name="Click Button" library="SeleniumLibrary">
<arg>${AddToCartButtonInWishlist}</arg>
<doc>Clicks the button identified by ``locator``.</doc>
<msg timestamp="20230413 20:30:06.754" level="INFO">Clicking button '//button[@name='addtocartbutton']'.</msg>
<status status="PASS" starttime="20230413 20:30:06.753" endtime="20230413 20:30:07.813"/>
</kw>
<status status="PASS" starttime="20230413 20:30:06.637" endtime="20230413 20:30:07.814"/>
</kw>
<kw name="Validate book product was moved to shopping cart" library="ShoppingCart">
<arg>${LinkToAvailableProduct2PDP}</arg>
<arg>${NameOfBookProduct2}</arg>
<kw name="Element Should Be Visible" library="SeleniumLibrary">
<arg>${ShoppingCartLabel}</arg>
<doc>Verifies that the element identified by ``locator`` is visible.</doc>
<msg timestamp="20230413 20:30:07.853" level="INFO">Element '//h1[normalize-space()='Shopping cart']' is displayed.</msg>
<status status="PASS" starttime="20230413 20:30:07.817" endtime="20230413 20:30:07.853"/>
</kw>
<kw name="Element Text Should Be" library="SeleniumLibrary">
<arg>${link}</arg>
<arg>${name}</arg>
<doc>Verifies that element ``locator`` contains exact the text ``expected``.</doc>
<msg timestamp="20230413 20:30:07.854" level="INFO">Verifying element '//a[@class='product-name']' contains exact text 'First Prize Pies'.</msg>
<status status="PASS" starttime="20230413 20:30:07.854" endtime="20230413 20:30:07.931"/>
</kw>
<status status="PASS" starttime="20230413 20:30:07.815" endtime="20230413 20:30:07.932"/>
</kw>
<kw name="Close Browser" library="SeleniumLibrary" type="TEARDOWN">
<doc>Closes the current browser.</doc>
<status status="PASS" starttime="20230413 20:30:07.933" endtime="20230413 20:30:10.132"/>
</kw>
<status status="PASS" starttime="20230413 20:30:02.474" endtime="20230413 20:30:10.133"/>
</test>
<test id="s1-s1-s9-t2" name="TC_WISHLIST_008 Access the wish list from the footer menu">
<kw name="Open app" library="Common" type="SETUP">
<kw name="Open Browser" library="SeleniumLibrary">
<arg>${Homepage_URL}</arg>
<arg>${browser}</arg>
<doc>Opens a new browser instance to the optional ``url``.</doc>
<msg timestamp="20230413 20:30:10.137" level="INFO">Opening browser 'chrome' to base url 'https://demo.nopcommerce.com/'.</msg>
<status status="PASS" starttime="20230413 20:30:10.136" endtime="20230413 20:30:12.314"/>
</kw>
<kw name="Maximize Browser Window" library="SeleniumLibrary">
<doc>Maximizes current browser window.</doc>
<status status="PASS" starttime="20230413 20:30:12.315" endtime="20230413 20:30:12.459"/>
</kw>
<status status="PASS" starttime="20230413 20:30:10.135" endtime="20230413 20:30:12.460"/>
</kw>
<kw name="Navigate to Wishlist from footer" library="WishList">
<kw name="Click Link" library="SeleniumLibrary">
<arg>${WishlistLink_Footer}</arg>
<doc>Clicks a link identified by ``locator``.</doc>
<msg timestamp="20230413 20:30:12.462" level="INFO">Clicking link '//ul[@class="list"]//a[@href="/wishlist"]'.</msg>
<status status="PASS" starttime="20230413 20:30:12.461" endtime="20230413 20:30:13.024"/>
</kw>
<status status="PASS" starttime="20230413 20:30:12.460" endtime="20230413 20:30:13.025"/>
</kw>
<kw name="Validate wishlist opened" library="WishList">
<kw name="Element Should Be Visible" library="SeleniumLibrary">
<arg>${WishlistLabel}</arg>
<doc>Verifies that the element identified by ``locator`` is visible.</doc>
<msg timestamp="20230413 20:30:13.076" level="INFO">Element '//h1[normalize-space()='Wishlist']' is displayed.</msg>
<status status="PASS" starttime="20230413 20:30:13.029" endtime="20230413 20:30:13.077"/>
</kw>
<status status="PASS" starttime="20230413 20:30:13.026" endtime="20230413 20:30:13.078"/>
</kw>
<kw name="Close Browser" library="SeleniumLibrary" type="TEARDOWN">
<doc>Closes the current browser.</doc>
<status status="PASS" starttime="20230413 20:30:13.079" endtime="20230413 20:30:15.240"/>
</kw>
<status status="PASS" starttime="20230413 20:30:10.134" endtime="20230413 20:30:15.241"/>
</test>
<test id="s1-s1-s9-t3" name="TC_WISHLIST_010 Access the added product details from the wish list by clicking the product name">
<kw name="Open app" library="Common" type="SETUP">
<kw name="Open Browser" library="SeleniumLibrary">
<arg>${Homepage_URL}</arg>
<arg>${browser}</arg>
<doc>Opens a new browser instance to the optional ``url``.</doc>
<msg timestamp="20230413 20:30:15.247" level="INFO">Opening browser 'chrome' to base url 'https://demo.nopcommerce.com/'.</msg>
<status status="PASS" starttime="20230413 20:30:15.246" endtime="20230413 20:30:17.363"/>
</kw>
<kw name="Maximize Browser Window" library="SeleniumLibrary">
<doc>Maximizes current browser window.</doc>
<status status="PASS" starttime="20230413 20:30:17.364" endtime="20230413 20:30:17.503"/>
</kw>
<status status="PASS" starttime="20230413 20:30:15.244" endtime="20230413 20:30:17.504"/>
</kw>
<kw name="Navigate to Books category PLP" library="PLP">
<kw name="Click Link" library="SeleniumLibrary">
<arg>${BooksMenuLink}</arg>
<doc>Clicks a link identified by ``locator``.</doc>
<msg timestamp="20230413 20:30:17.505" level="INFO">Clicking link '(//*[@href="/books"])[1]'.</msg>
<status status="PASS" starttime="20230413 20:30:17.505" endtime="20230413 20:30:18.246"/>
</kw>
<kw name="Element Should Be Visible" library="SeleniumLibrary">
<arg>${BooksLabel_PLP}</arg>
<doc>Verifies that the element identified by ``locator`` is visible.</doc>
<msg timestamp="20230413 20:30:18.278" level="INFO">Element '//h1[normalize-space()='Books']' is displayed.</msg>
<status status="PASS" starttime="20230413 20:30:18.247" endtime="20230413 20:30:18.279"/>
</kw>
<status status="PASS" starttime="20230413 20:30:17.504" endtime="20230413 20:30:18.279"/>
</kw>
<kw name="Click on add to wishlist button for available product" library="WishList">
<arg>${AddToWishlistBtnForAvailableProduct2}</arg>
<kw name="Click Button" library="SeleniumLibrary">
<arg>${wishlist_btn_available_product}</arg>
<doc>Clicks the button identified by ``locator``.</doc>
<msg timestamp="20230413 20:30:18.281" level="INFO">Clicking button '(//button[@class="button-2 add-to-wishlist-button"])[2]'.</msg>
<status status="PASS" starttime="20230413 20:30:18.280" endtime="20230413 20:30:18.359"/>
</kw>
<status status="PASS" starttime="20230413 20:30:18.279" endtime="20230413 20:30:18.360"/>
</kw>
<kw name="Navigate to Wishlist" library="WishList">
<kw name="Click Link" library="SeleniumLibrary">
<arg>${WishlistLink}</arg>
<doc>Clicks a link identified by ``locator``.</doc>
<msg timestamp="20230413 20:30:18.365" level="INFO">Clicking link '//a[@class="ico-wishlist"]'.</msg>
<status status="PASS" starttime="20230413 20:30:18.364" endtime="20230413 20:30:18.888"/>
</kw>
<kw name="Element Should Be Visible" library="SeleniumLibrary">
<arg>${WishlistLabel}</arg>
<doc>Verifies that the element identified by ``locator`` is visible.</doc>
<msg timestamp="20230413 20:30:18.949" level="INFO">Element '//h1[normalize-space()='Wishlist']' is displayed.</msg>
<status status="PASS" starttime="20230413 20:30:18.889" endtime="20230413 20:30:18.950"/>
</kw>
<status status="PASS" starttime="20230413 20:30:18.361" endtime="20230413 20:30:18.950"/>
</kw>
<kw name="Validate available product was added to wishlist" library="WishList">
<arg>${LinkToAvailableProduct2PDP}</arg>
<arg>${NameOfBookProduct2}</arg>
<kw name="Element Text Should Be" library="SeleniumLibrary">
<arg>${link}</arg>
<arg>${name}</arg>
<doc>Verifies that element ``locator`` contains exact the text ``expected``.</doc>
<msg timestamp="20230413 20:30:18.952" level="INFO">Verifying element '//a[@class='product-name']' contains exact text 'First Prize Pies'.</msg>
<status status="PASS" starttime="20230413 20:30:18.951" endtime="20230413 20:30:18.980"/>
</kw>
<status status="PASS" starttime="20230413 20:30:18.950" endtime="20230413 20:30:18.981"/>
</kw>
<kw name="Navigate to PDP from wishlist" library="WishList">
<kw name="Click Link" library="SeleniumLibrary">
<arg>${LinkToAvailableProduct2PDP}</arg>
<doc>Clicks a link identified by ``locator``.</doc>
<msg timestamp="20230413 20:30:18.983" level="INFO">Clicking link '//a[@class='product-name']'.</msg>
<status status="PASS" starttime="20230413 20:30:18.982" endtime="20230413 20:30:20.482"/>
</kw>
<status status="PASS" starttime="20230413 20:30:18.981" endtime="20230413 20:30:20.483"/>
</kw>
<kw name="Validate PDP opened" library="PDP">
<kw name="Element Should Be Visible" library="SeleniumLibrary">
<arg>${BookProduct2Label_PDP}</arg>
<doc>Verifies that the element identified by ``locator`` is visible.</doc>
<msg timestamp="20230413 20:30:20.516" level="INFO">Element '//h1[normalize-space()='First Prize Pies']' is displayed.</msg>
<status status="PASS" starttime="20230413 20:30:20.485" endtime="20230413 20:30:20.516"/>
</kw>
<status status="PASS" starttime="20230413 20:30:20.483" endtime="20230413 20:30:20.516"/>
</kw>
<kw name="Close Browser" library="SeleniumLibrary" type="TEARDOWN">
<doc>Closes the current browser.</doc>
<status status="PASS" starttime="20230413 20:30:20.517" endtime="20230413 20:30:22.690"/>
</kw>
<status status="PASS" starttime="20230413 20:30:15.243" endtime="20230413 20:30:22.691"/>
</test>
<status status="PASS" starttime="20230413 20:30:02.406" endtime="20230413 20:30:22.692"/>
</suite>
<status status="FAIL" starttime="20230413 20:26:22.825" endtime="20230413 20:30:22.697"/>
</suite>
<status status="FAIL" starttime="20230413 20:26:22.794" endtime="20230413 20:30:22.706"/>
</suite>
<statistics>
<total>
<stat pass="24" fail="5" skip="0">All Tests</stat>
</total>
<tag>
</tag>
<suite>
<stat pass="24" fail="5" skip="0" id="s1" name="nopCommerce">nopCommerce</stat>
<stat pass="24" fail="5" skip="0" id="s1-s1" name="Tests">nopCommerce.Tests</stat>
<stat pass="0" fail="2" skip="0" id="s1-s1-s1" name="Account">nopCommerce.Tests.Account</stat>
<stat pass="2" fail="0" skip="0" id="s1-s1-s2" name="Checkout">nopCommerce.Tests.Checkout</stat>
<stat pass="3" fail="1" skip="0" id="s1-s1-s3" name="Login">nopCommerce.Tests.Login</stat>
<stat pass="3" fail="1" skip="0" id="s1-s1-s4" name="PDP">nopCommerce.Tests.PDP</stat>
<stat pass="3" fail="1" skip="0" id="s1-s1-s5" name="PLP">nopCommerce.Tests.PLP</stat>
<stat pass="4" fail="0" skip="0" id="s1-s1-s6" name="Registration">nopCommerce.Tests.Registration</stat>
<stat pass="4" fail="0" skip="0" id="s1-s1-s7" name="Search">nopCommerce.Tests.Search</stat>
<stat pass="2" fail="0" skip="0" id="s1-s1-s8" name="ShoppingCart">nopCommerce.Tests.ShoppingCart</stat>
<stat pass="3" fail="0" skip="0" id="s1-s1-s9" name="WishList">nopCommerce.Tests.WishList</stat>
</suite>
</statistics>
<errors>
</errors>
</robot>
